Traceback (most recent call last):
  File "manage.py", line 11, in main
    from django.core.management import execute_from_command_line
ModuleNotFoundError: No module named 'django'

The above exception was the direct cause of the following exception:

Traceback (most recent call last):
  File "manage.py", line 22, in <module>
    main()
  File "manage.py", line 17, in main
    ) from exc
ImportError: Couldn't import Django. Are you sure it's installed and available on your PYTHONPATH environment variable? Did you forget to activate a virtual environment?
Traceback (most recent call last):
  File "./manage.py", line 11, in main
    from django.core.management import execute_from_command_line
ModuleNotFoundError: No module named 'django'

The above exception was the direct cause of the following exception:

Traceback (most recent call last):
  File "./manage.py", line 22, in <module>
    main()
  File "./manage.py", line 17, in main
    ) from exc
ImportError: Couldn't import Django. Are you sure it's installed and available on your PYTHONPATH environment variable? Did you forget to activate a virtual environment?
Traceback (most recent call last):
  File "./manage.py", line 11, in main
    from django.core.management import execute_from_command_line
ModuleNotFoundError: No module named 'django'

The above exception was the direct cause of the following exception:

Traceback (most recent call last):
  File "./manage.py", line 22, in <module>
    main()
  File "./manage.py", line 17, in main
    ) from exc
ImportError: Couldn't import Django. Are you sure it's installed and available on your PYTHONPATH environment variable? Did you forget to activate a virtual environment?
Traceback (most recent call last):
  File "./manage.py", line 11, in main
    from django.core.management import execute_from_command_line
ModuleNotFoundError: No module named 'django'

The above exception was the direct cause of the following exception:

Traceback (most recent call last):
  File "./manage.py", line 22, in <module>
    main()
  File "./manage.py", line 17, in main
    ) from exc
ImportError: Couldn't import Django. Are you sure it's installed and available on your PYTHONPATH environment variable? Did you forget to activate a virtual environment?
Traceback (most recent call last):
  File "manage.py", line 11, in main
    from django.core.management import execute_from_command_line
ModuleNotFoundError: No module named 'django'

The above exception was the direct cause of the following exception:

Traceback (most recent call last):
  File "manage.py", line 22, in <module>
    main()
  File "manage.py", line 17, in main
    ) from exc
ImportError: Couldn't import Django. Are you sure it's installed and available on your PYTHONPATH environment variable? Did you forget to activate a virtual environment?
Watching for file changes with StatReloader
[08/Jan/2021 11:34:47] "POST /api/sendTodos/ HTTP/1.1" 201 37
[08/Jan/2021 11:35:20] "POST /api/sendTodos/ HTTP/1.1" 201 14
[08/Jan/2021 11:35:22] "POST /api/sendTodos/ HTTP/1.1" 201 37
[08/Jan/2021 11:35:26] "POST /api/sendTodos/ HTTP/1.1" 201 37
Watching for file changes with StatReloader
[08/Jan/2021 11:54:39] "POST /api/sendTodos/ HTTP/1.1" 201 37
[08/Jan/2021 12:42:09] "POST /api/sendTodos/ HTTP/1.1" 201 37
Not Found: /main
[08/Jan/2021 12:42:10] "GET /main HTTP/1.1" 404 2079
[08/Jan/2021 12:42:59] "POST /api/sendTodos/ HTTP/1.1" 201 37
[08/Jan/2021 12:43:03] "POST /api/sendTodos/ HTTP/1.1" 201 37
[08/Jan/2021 12:43:05] "POST /api/sendTodos/ HTTP/1.1" 201 14
[08/Jan/2021 12:43:06] "POST /api/sendTodos/ HTTP/1.1" 201 14
[08/Jan/2021 12:43:09] "POST /api/sendTodos/ HTTP/1.1" 201 37
[08/Jan/2021 12:43:10] "POST /api/sendTodos/ HTTP/1.1" 201 14
[08/Jan/2021 12:43:14] "POST /api/sendTodos/ HTTP/1.1" 201 37
[08/Jan/2021 12:43:14] "POST /api/sendTodos/ HTTP/1.1" 201 14
[08/Jan/2021 12:43:14] "POST /api/sendTodos/ HTTP/1.1" 201 14
[08/Jan/2021 12:43:14] "POST /api/sendTodos/ HTTP/1.1" 201 37
[08/Jan/2021 12:43:30] "POST /api/saveTodo/ HTTP/1.1" 201 0
[08/Jan/2021 12:43:31] "POST /api/sendTodos/ HTTP/1.1" 201 73
[08/Jan/2021 12:44:28] "POST /api/sendTodos/ HTTP/1.1" 201 73
[08/Jan/2021 12:44:30] "GET /api/sendContent/33 HTTP/1.1" 201 46
[08/Jan/2021 12:44:32] "DELETE /api/deleteContent/33 HTTP/1.1" 201 0
[08/Jan/2021 12:44:33] "POST /api/sendTodos/ HTTP/1.1" 201 37
[08/Jan/2021 12:45:52] "POST /api/sendTodos/ HTTP/1.1" 201 37
[08/Jan/2021 12:45:54] "GET /api/sendContent/20 HTTP/1.1" 201 138
[08/Jan/2021 12:45:56] "POST /api/sendTodos/ HTTP/1.1" 201 37
[08/Jan/2021 12:49:40] "POST /api/sendTodos/ HTTP/1.1" 201 37
[08/Jan/2021 14:08:07] "POST /api/sendTodos/ HTTP/1.1" 201 37
Not Found: /main
[09/Jan/2021 03:28:38] "GET /main HTTP/1.1" 404 2079
[09/Jan/2021 03:28:42] "POST /api/sendTodos/ HTTP/1.1" 201 37
[10/Jan/2021 08:31:00] "POST /api/sendTodos/ HTTP/1.1" 201 37
[10/Jan/2021 08:31:04] "POST /api/saveTodo/ HTTP/1.1" 201 0
[10/Jan/2021 08:31:06] "POST /api/sendTodos/ HTTP/1.1" 201 60
[10/Jan/2021 08:31:07] "GET /api/sendContent/34 HTTP/1.1" 201 37
[10/Jan/2021 08:31:08] "DELETE /api/deleteContent/34 HTTP/1.1" 201 0
[10/Jan/2021 08:31:08] "POST /api/sendTodos/ HTTP/1.1" 201 37
[10/Jan/2021 08:31:12] "POST /api/saveTodo/ HTTP/1.1" 201 0
[10/Jan/2021 08:31:14] "POST /api/sendTodos/ HTTP/1.1" 201 58
[10/Jan/2021 08:31:15] "GET /api/sendContent/35 HTTP/1.1" 201 33
[10/Jan/2021 08:31:20] "POST /api/modifyContent/35 HTTP/1.1" 201 0
[10/Jan/2021 08:31:22] "POST /api/sendTodos/ HTTP/1.1" 201 62
[10/Jan/2021 08:31:23] "GET /api/sendContent/35 HTTP/1.1" 201 40
[10/Jan/2021 08:31:24] "DELETE /api/deleteContent/35 HTTP/1.1" 201 0
[10/Jan/2021 08:31:25] "POST /api/sendTodos/ HTTP/1.1" 201 37
[10/Jan/2021 08:31:29] "POST /api/saveTodo/ HTTP/1.1" 201 0
[10/Jan/2021 08:31:30] "POST /api/sendTodos/ HTTP/1.1" 201 58
[10/Jan/2021 08:31:31] "POST /api/sendTodos/ HTTP/1.1" 201 14
[10/Jan/2021 08:31:34] "POST /api/sendTodos/ HTTP/1.1" 201 58
[10/Jan/2021 08:31:36] "POST /api/sendTodos/ HTTP/1.1" 201 14
[10/Jan/2021 08:31:37] "POST /api/sendTodos/ HTTP/1.1" 201 14
[10/Jan/2021 08:31:38] "POST /api/sendTodos/ HTTP/1.1" 201 14
[10/Jan/2021 08:31:38] "POST /api/sendTodos/ HTTP/1.1" 201 58
[10/Jan/2021 08:31:39] "GET /api/sendContent/36 HTTP/1.1" 201 34
[10/Jan/2021 08:31:40] "DELETE /api/deleteContent/36 HTTP/1.1" 201 0
[10/Jan/2021 08:31:41] "POST /api/sendTodos/ HTTP/1.1" 201 37
[10/Jan/2021 08:31:45] "POST /api/sendTodos/ HTTP/1.1" 201 14
[10/Jan/2021 08:31:46] "POST /api/sendTodos/ HTTP/1.1" 201 14
[10/Jan/2021 08:31:46] "POST /api/sendTodos/ HTTP/1.1" 201 14
[10/Jan/2021 08:31:46] "POST /api/sendTodos/ HTTP/1.1" 201 14
[10/Jan/2021 08:31:46] "POST /api/sendTodos/ HTTP/1.1" 201 14
[10/Jan/2021 08:31:46] "POST /api/sendTodos/ HTTP/1.1" 201 32
[10/Jan/2021 08:31:46] "POST /api/sendTodos/ HTTP/1.1" 201 14
[10/Jan/2021 08:31:47] "POST /api/sendTodos/ HTTP/1.1" 201 14
[10/Jan/2021 08:31:47] "POST /api/sendTodos/ HTTP/1.1" 201 14
[10/Jan/2021 08:31:47] "POST /api/sendTodos/ HTTP/1.1" 201 14
[10/Jan/2021 08:31:47] "POST /api/sendTodos/ HTTP/1.1" 201 14
[10/Jan/2021 08:31:47] "POST /api/sendTodos/ HTTP/1.1" 201 14
[10/Jan/2021 08:31:47] "POST /api/sendTodos/ HTTP/1.1" 201 14
[10/Jan/2021 08:31:48] "POST /api/sendTodos/ HTTP/1.1" 201 14
[10/Jan/2021 08:31:48] "POST /api/sendTodos/ HTTP/1.1" 201 14
[10/Jan/2021 08:31:49] "POST /api/sendTodos/ HTTP/1.1" 201 14
[10/Jan/2021 08:31:50] "POST /api/sendTodos/ HTTP/1.1" 201 14
[10/Jan/2021 08:31:51] "POST /api/sendTodos/ HTTP/1.1" 201 14
[10/Jan/2021 08:31:52] "POST /api/sendTodos/ HTTP/1.1" 201 14
[10/Jan/2021 08:31:52] "POST /api/sendTodos/ HTTP/1.1" 201 32
[10/Jan/2021 08:31:53] "POST /api/sendTodos/ HTTP/1.1" 201 14
[10/Jan/2021 08:31:54] "POST /api/sendTodos/ HTTP/1.1" 201 14
[10/Jan/2021 08:31:54] "POST /api/sendTodos/ HTTP/1.1" 201 14
[10/Jan/2021 08:31:54] "POST /api/sendTodos/ HTTP/1.1" 201 14
[10/Jan/2021 08:31:54] "POST /api/sendTodos/ HTTP/1.1" 201 14
[10/Jan/2021 08:31:54] "POST /api/sendTodos/ HTTP/1.1" 201 37
[10/Jan/2021 08:31:56] "POST /api/sendTodos/ HTTP/1.1" 201 14
[10/Jan/2021 08:31:57] "POST /api/sendTodos/ HTTP/1.1" 201 37
[11/Jan/2021 07:07:24] "POST /api/sendTodos/ HTTP/1.1" 201 37
[11/Jan/2021 07:13:14] "POST /api/sendTodos/ HTTP/1.1" 201 37
[11/Jan/2021 07:13:17] "POST /api/sendTodos/ HTTP/1.1" 201 14
[11/Jan/2021 07:13:18] "POST /api/sendTodos/ HTTP/1.1" 201 14
[11/Jan/2021 07:13:22] "POST /api/sendTodos/ HTTP/1.1" 201 14
[11/Jan/2021 07:38:10] "POST /api/sendTodos/ HTTP/1.1" 201 37
[11/Jan/2021 07:38:17] "POST /api/sendTodos/ HTTP/1.1" 201 14
[11/Jan/2021 07:52:30] "POST /api/sendTodos/ HTTP/1.1" 201 37
[11/Jan/2021 07:52:37] "POST /api/sendTodos/ HTTP/1.1" 201 14
[11/Jan/2021 07:52:39] "POST /api/sendTodos/ HTTP/1.1" 201 37
[11/Jan/2021 07:52:40] "POST /api/sendTodos/ HTTP/1.1" 201 14
[11/Jan/2021 07:52:41] "POST /api/sendTodos/ HTTP/1.1" 201 14
[11/Jan/2021 07:52:41] "POST /api/sendTodos/ HTTP/1.1" 201 14
[11/Jan/2021 07:52:42] "POST /api/sendTodos/ HTTP/1.1" 201 37
[11/Jan/2021 07:57:04] "POST /api/sendTodos/ HTTP/1.1" 201 14
[11/Jan/2021 07:57:05] "POST /api/sendTodos/ HTTP/1.1" 201 37
[11/Jan/2021 09:03:21] "POST /api/sendTodos/ HTTP/1.1" 201 37
[11/Jan/2021 09:03:27] "POST /api/sendTodos/ HTTP/1.1" 201 37
[11/Jan/2021 09:03:36] "POST /api/sendTodos/ HTTP/1.1" 201 14
[11/Jan/2021 09:03:42] "POST /api/sendTodos/ HTTP/1.1" 201 14
[11/Jan/2021 09:03:45] "POST /api/sendTodos/ HTTP/1.1" 201 14
[11/Jan/2021 09:03:47] "POST /api/sendTodos/ HTTP/1.1" 201 37
[11/Jan/2021 09:04:52] "POST /api/sendTodos/ HTTP/1.1" 201 37
[11/Jan/2021 09:04:55] "POST /api/saveTodo/ HTTP/1.1" 201 0
[11/Jan/2021 09:04:57] "POST /api/sendTodos/ HTTP/1.1" 201 59
[11/Jan/2021 09:05:00] "GET /api/sendContent/37 HTTP/1.1" 201 36
[11/Jan/2021 09:05:01] "DELETE /api/deleteContent/37 HTTP/1.1" 201 0
[11/Jan/2021 09:05:02] "POST /api/sendTodos/ HTTP/1.1" 201 37
[11/Jan/2021 09:05:04] "POST /api/sendTodos/ HTTP/1.1" 201 14
[11/Jan/2021 09:05:05] "POST /api/sendTodos/ HTTP/1.1" 201 14
[11/Jan/2021 09:05:05] "POST /api/sendTodos/ HTTP/1.1" 201 14
[11/Jan/2021 09:05:06] "POST /api/sendTodos/ HTTP/1.1" 201 14
[11/Jan/2021 09:05:06] "POST /api/sendTodos/ HTTP/1.1" 201 14
[11/Jan/2021 09:05:06] "POST /api/sendTodos/ HTTP/1.1" 201 37
[11/Jan/2021 09:05:06] "POST /api/sendTodos/ HTTP/1.1" 201 14
[11/Jan/2021 09:05:06] "POST /api/sendTodos/ HTTP/1.1" 201 14
[11/Jan/2021 09:05:07] "POST /api/sendTodos/ HTTP/1.1" 201 14
[11/Jan/2021 09:05:08] "POST /api/sendTodos/ HTTP/1.1" 201 14
[11/Jan/2021 09:05:08] "POST /api/sendTodos/ HTTP/1.1" 201 14
[11/Jan/2021 09:05:09] "POST /api/sendTodos/ HTTP/1.1" 201 14
[11/Jan/2021 09:05:09] "POST /api/sendTodos/ HTTP/1.1" 201 14
[11/Jan/2021 09:05:10] "POST /api/sendTodos/ HTTP/1.1" 201 14
[11/Jan/2021 09:05:10] "POST /api/sendTodos/ HTTP/1.1" 201 14
[11/Jan/2021 09:05:10] "POST /api/sendTodos/ HTTP/1.1" 201 14
[11/Jan/2021 09:05:10] "POST /api/sendTodos/ HTTP/1.1" 201 14
[11/Jan/2021 09:05:10] "POST /api/sendTodos/ HTTP/1.1" 201 14
[11/Jan/2021 09:05:10] "POST /api/sendTodos/ HTTP/1.1" 201 14
[11/Jan/2021 09:05:11] "POST /api/sendTodos/ HTTP/1.1" 201 14
[11/Jan/2021 09:05:11] "POST /api/sendTodos/ HTTP/1.1" 201 14
[11/Jan/2021 09:05:11] "POST /api/sendTodos/ HTTP/1.1" 201 14
[11/Jan/2021 09:05:11] "POST /api/sendTodos/ HTTP/1.1" 201 14
[11/Jan/2021 09:05:11] "POST /api/sendTodos/ HTTP/1.1" 201 14
[11/Jan/2021 09:05:11] "POST /api/sendTodos/ HTTP/1.1" 201 14
[11/Jan/2021 09:05:12] "POST /api/sendTodos/ HTTP/1.1" 201 14
[11/Jan/2021 09:05:12] "POST /api/sendTodos/ HTTP/1.1" 201 14
[11/Jan/2021 09:05:14] "POST /api/sendTodos/ HTTP/1.1" 201 14
[11/Jan/2021 09:05:14] "POST /api/sendTodos/ HTTP/1.1" 201 14
[11/Jan/2021 09:05:14] "POST /api/sendTodos/ HTTP/1.1" 201 14
[11/Jan/2021 09:05:15] "POST /api/sendTodos/ HTTP/1.1" 201 14
[11/Jan/2021 09:05:15] "POST /api/sendTodos/ HTTP/1.1" 201 14
[11/Jan/2021 09:05:16] "POST /api/sendTodos/ HTTP/1.1" 201 14
[11/Jan/2021 09:05:16] "POST /api/sendTodos/ HTTP/1.1" 201 14
[11/Jan/2021 09:05:16] "POST /api/sendTodos/ HTTP/1.1" 201 14
[11/Jan/2021 09:05:17] "POST /api/sendTodos/ HTTP/1.1" 201 14
[11/Jan/2021 09:05:20] "POST /api/sendTodos/ HTTP/1.1" 201 14
[11/Jan/2021 09:05:20] "POST /api/sendTodos/ HTTP/1.1" 201 14
[11/Jan/2021 09:05:21] "POST /api/sendTodos/ HTTP/1.1" 201 14
[11/Jan/2021 09:05:21] "POST /api/sendTodos/ HTTP/1.1" 201 14
[11/Jan/2021 09:05:21] "POST /api/sendTodos/ HTTP/1.1" 201 14
[11/Jan/2021 09:05:21] "POST /api/sendTodos/ HTTP/1.1" 201 14
[11/Jan/2021 09:05:21] "POST /api/sendTodos/ HTTP/1.1" 201 14
[11/Jan/2021 09:05:21] "POST /api/sendTodos/ HTTP/1.1" 201 14
[11/Jan/2021 09:05:22] "POST /api/sendTodos/ HTTP/1.1" 201 14
[11/Jan/2021 09:05:22] "POST /api/sendTodos/ HTTP/1.1" 201 14
[11/Jan/2021 09:05:23] "POST /api/sendTodos/ HTTP/1.1" 201 14
[11/Jan/2021 09:05:24] "POST /api/sendTodos/ HTTP/1.1" 201 37
[11/Jan/2021 11:14:15] "POST /api/sendTodos/ HTTP/1.1" 201 37
[11/Jan/2021 11:14:18] "GET /api/sendContent/20 HTTP/1.1" 201 138
[11/Jan/2021 11:14:22] "POST /api/sendTodos/ HTTP/1.1" 201 37
[13/Jan/2021 12:59:46] "POST /api/sendTodos/ HTTP/1.1" 201 37
[13/Jan/2021 12:59:53] "POST /api/sendTodos/ HTTP/1.1" 201 14
[13/Jan/2021 12:59:54] "POST /api/sendTodos/ HTTP/1.1" 201 14
[15/Jan/2021 08:11:26] "POST /api/sendTodos/ HTTP/1.1" 201 37
[20/Jan/2021 11:17:04] "POST /api/sendTodos/ HTTP/1.1" 201 37
[20/Jan/2021 11:17:06] "GET /api/sendContent/20 HTTP/1.1" 201 138
[20/Jan/2021 11:17:11] "POST /api/sendTodos/ HTTP/1.1" 201 37
[21/Jan/2021 15:33:09] "POST /api/sendTodos/ HTTP/1.1" 201 37
[22/Jan/2021 06:50:19] "POST /api/sendTodos/ HTTP/1.1" 201 37
[22/Jan/2021 06:50:38] "POST /api/saveTodo/ HTTP/1.1" 201 0
[22/Jan/2021 06:50:39] "POST /api/sendTodos/ HTTP/1.1" 201 73
[22/Jan/2021 06:50:41] "GET /api/sendContent/20 HTTP/1.1" 201 138
[22/Jan/2021 06:50:46] "POST /api/sendTodos/ HTTP/1.1" 201 73
[22/Jan/2021 06:50:47] "POST /api/sendTodos/ HTTP/1.1" 201 14
[22/Jan/2021 06:50:51] "POST /api/sendTodos/ HTTP/1.1" 201 73
[22/Jan/2021 06:50:51] "POST /api/sendTodos/ HTTP/1.1" 201 14
[22/Jan/2021 06:50:52] "POST /api/sendTodos/ HTTP/1.1" 201 14
[22/Jan/2021 06:50:53] "POST /api/sendTodos/ HTTP/1.1" 201 14
[22/Jan/2021 06:50:53] "POST /api/sendTodos/ HTTP/1.1" 201 73
[22/Jan/2021 06:50:59] "POST /api/sendTodos/ HTTP/1.1" 201 73
[22/Jan/2021 06:51:04] "POST /api/sendTodos/ HTTP/1.1" 201 73
[22/Jan/2021 06:51:25] "POST /api/sendTodos/ HTTP/1.1" 201 73
[22/Jan/2021 06:51:26] "GET /api/sendContent/38 HTTP/1.1" 201 58
[22/Jan/2021 06:51:28] "POST /api/sendTodos/ HTTP/1.1" 201 73
[22/Jan/2021 06:51:31] "POST /api/sendTodos/ HTTP/1.1" 201 73
[22/Jan/2021 06:51:42] "POST /api/sendTodos/ HTTP/1.1" 201 73
[22/Jan/2021 06:58:52] "POST /api/saveTodo/ HTTP/1.1" 201 0
[22/Jan/2021 06:58:54] "POST /api/sendTodos/ HTTP/1.1" 201 110
[22/Jan/2021 07:00:05] "POST /api/sendTodos/ HTTP/1.1" 201 110
[22/Jan/2021 07:01:39] "POST /api/sendTodos/ HTTP/1.1" 201 110
[22/Jan/2021 07:01:44] "POST /api/sendTodos/ HTTP/1.1" 201 14
Method Not Allowed: /api/saveTodo/
[25/Jan/2021 05:13:57] "GET /api/saveTodo/ HTTP/1.1" 405 0
Method Not Allowed: /api/saveTodo/
[25/Jan/2021 05:13:58] "GET /api/saveTodo/ HTTP/1.1" 405 0
Method Not Allowed: /api/sendTodos/
[25/Jan/2021 05:13:59] "GET /api/sendTodos/ HTTP/1.1" 405 0
Method Not Allowed: /api/sendTodos/
[25/Jan/2021 05:14:00] "GET /api/sendTodos/ HTTP/1.1" 405 0
[25/Jan/2021 06:51:01] "POST /api/sendTodos/ HTTP/1.1" 201 110
[25/Jan/2021 06:52:48] "GET /api/sendContent/38 HTTP/1.1" 201 58
[25/Jan/2021 06:52:50] "POST /api/sendTodos/ HTTP/1.1" 201 110
[25/Jan/2021 06:52:51] "GET /api/sendContent/39 HTTP/1.1" 201 135
[25/Jan/2021 06:52:55] "POST /api/sendTodos/ HTTP/1.1" 201 110
[25/Jan/2021 06:52:56] "GET /api/sendContent/38 HTTP/1.1" 201 58
[25/Jan/2021 06:53:01] "POST /api/sendTodos/ HTTP/1.1" 201 110
[25/Jan/2021 06:53:03] "POST /api/sendTodos/ HTTP/1.1" 201 14
[25/Jan/2021 06:53:04] "POST /api/sendTodos/ HTTP/1.1" 201 110
[25/Jan/2021 06:53:59] "POST /api/sendTodos/ HTTP/1.1" 201 110
[25/Jan/2021 06:54:05] "GET /api/sendContent/38 HTTP/1.1" 201 58
[25/Jan/2021 06:54:07] "POST /api/sendTodos/ HTTP/1.1" 201 110
[25/Jan/2021 06:54:10] "POST /api/sendTodos/ HTTP/1.1" 201 14
[25/Jan/2021 06:54:11] "POST /api/sendTodos/ HTTP/1.1" 201 110
[25/Jan/2021 06:54:13] "GET /api/sendContent/20 HTTP/1.1" 201 138
[25/Jan/2021 06:54:14] "POST /api/sendTodos/ HTTP/1.1" 201 110
[25/Jan/2021 06:54:43] "POST /api/saveTodo/ HTTP/1.1" 201 0
[25/Jan/2021 06:54:44] "POST /api/sendTodos/ HTTP/1.1" 201 130
[25/Jan/2021 06:54:45] "GET /api/sendContent/40 HTTP/1.1" 201 32
[25/Jan/2021 06:54:46] "DELETE /api/deleteContent/40 HTTP/1.1" 201 0
[25/Jan/2021 06:54:47] "POST /api/sendTodos/ HTTP/1.1" 201 110
[25/Jan/2021 06:54:58] "GET /api/sendContent/38 HTTP/1.1" 201 58
[25/Jan/2021 06:54:59] "POST /api/sendTodos/ HTTP/1.1" 201 110
[25/Jan/2021 06:55:00] "GET /api/sendContent/39 HTTP/1.1" 201 135
[25/Jan/2021 06:55:03] "POST /api/sendTodos/ HTTP/1.1" 201 110
[25/Jan/2021 07:13:15] "GET /api/sendContent/38 HTTP/1.1" 201 58
[25/Jan/2021 07:13:17] "POST /api/sendTodos/ HTTP/1.1" 201 110
[25/Jan/2021 07:13:19] "GET /api/sendContent/39 HTTP/1.1" 201 135
[25/Jan/2021 07:13:24] "POST /api/sendTodos/ HTTP/1.1" 201 110
[25/Jan/2021 07:13:33] "POST /api/sendTodos/ HTTP/1.1" 201 14
[25/Jan/2021 07:13:40] "POST /api/sendTodos/ HTTP/1.1" 201 110
[25/Jan/2021 07:13:41] "POST /api/sendTodos/ HTTP/1.1" 201 14
[25/Jan/2021 07:13:42] "POST /api/sendTodos/ HTTP/1.1" 201 14
[25/Jan/2021 07:13:43] "POST /api/sendTodos/ HTTP/1.1" 201 14
[25/Jan/2021 07:13:44] "POST /api/sendTodos/ HTTP/1.1" 201 110
[25/Jan/2021 07:13:47] "POST /api/sendTodos/ HTTP/1.1" 201 14
[25/Jan/2021 07:13:47] "POST /api/sendTodos/ HTTP/1.1" 201 14
[25/Jan/2021 07:13:48] "POST /api/sendTodos/ HTTP/1.1" 201 14
[25/Jan/2021 07:13:48] "POST /api/sendTodos/ HTTP/1.1" 201 14
[25/Jan/2021 07:13:49] "POST /api/sendTodos/ HTTP/1.1" 201 14
[25/Jan/2021 07:13:50] "POST /api/sendTodos/ HTTP/1.1" 201 32
[25/Jan/2021 07:13:50] "POST /api/sendTodos/ HTTP/1.1" 201 14
[25/Jan/2021 07:13:50] "POST /api/sendTodos/ HTTP/1.1" 201 14
[25/Jan/2021 07:13:51] "POST /api/sendTodos/ HTTP/1.1" 201 14
[25/Jan/2021 07:13:52] "POST /api/sendTodos/ HTTP/1.1" 201 32
[25/Jan/2021 07:13:52] "POST /api/sendTodos/ HTTP/1.1" 201 14
[25/Jan/2021 07:14:06] "POST /api/sendTodos/ HTTP/1.1" 201 110
[25/Jan/2021 07:15:47] "POST /api/sendTodos/ HTTP/1.1" 201 14
[25/Jan/2021 07:15:48] "POST /api/sendTodos/ HTTP/1.1" 201 14
[25/Jan/2021 07:15:50] "POST /api/sendTodos/ HTTP/1.1" 201 14
[25/Jan/2021 07:15:52] "POST /api/sendTodos/ HTTP/1.1" 201 14
[25/Jan/2021 07:15:52] "POST /api/sendTodos/ HTTP/1.1" 201 14
[25/Jan/2021 07:15:52] "POST /api/sendTodos/ HTTP/1.1" 201 14
[25/Jan/2021 07:15:53] "POST /api/sendTodos/ HTTP/1.1" 201 14
[25/Jan/2021 07:15:54] "POST /api/sendTodos/ HTTP/1.1" 201 14
[25/Jan/2021 07:15:54] "POST /api/sendTodos/ HTTP/1.1" 201 14
[25/Jan/2021 07:15:54] "POST /api/sendTodos/ HTTP/1.1" 201 14
[25/Jan/2021 07:15:54] "POST /api/sendTodos/ HTTP/1.1" 201 14
[25/Jan/2021 07:15:55] "POST /api/sendTodos/ HTTP/1.1" 201 110
[25/Jan/2021 07:15:55] "POST /api/sendTodos/ HTTP/1.1" 201 14
[25/Jan/2021 07:15:57] "POST /api/sendTodos/ HTTP/1.1" 201 110
[25/Jan/2021 07:15:59] "POST /api/sendTodos/ HTTP/1.1" 201 110
[25/Jan/2021 16:32:09] "POST /api/sendTodos/ HTTP/1.1" 201 110
[25/Jan/2021 16:32:12] "GET /api/sendContent/39 HTTP/1.1" 201 135
[25/Jan/2021 16:32:15] "POST /api/sendTodos/ HTTP/1.1" 201 110
[25/Jan/2021 16:32:16] "GET /api/sendContent/38 HTTP/1.1" 201 58
[25/Jan/2021 16:32:17] "POST /api/sendTodos/ HTTP/1.1" 201 110
[25/Jan/2021 16:32:25] "POST /api/sendTodos/ HTTP/1.1" 201 14
[25/Jan/2021 16:32:27] "POST /api/sendTodos/ HTTP/1.1" 201 110
[25/Jan/2021 16:32:42] "POST /api/sendTodos/ HTTP/1.1" 201 14
[25/Jan/2021 16:32:43] "POST /api/sendTodos/ HTTP/1.1" 201 110
[25/Jan/2021 16:32:46] "POST /api/sendTodos/ HTTP/1.1" 201 14
[25/Jan/2021 16:32:47] "POST /api/sendTodos/ HTTP/1.1" 201 110
[25/Jan/2021 16:32:49] "POST /api/sendTodos/ HTTP/1.1" 201 14
[25/Jan/2021 16:32:53] "POST /api/sendTodos/ HTTP/1.1" 201 110
[25/Jan/2021 16:32:55] "POST /api/sendTodos/ HTTP/1.1" 201 14
[25/Jan/2021 16:32:59] "POST /api/sendTodos/ HTTP/1.1" 201 110
[25/Jan/2021 16:33:00] "POST /api/sendTodos/ HTTP/1.1" 201 14
[25/Jan/2021 16:33:08] "POST /api/sendTodos/ HTTP/1.1" 201 110
[26/Jan/2021 04:47:46] "POST /api/sendTodos/ HTTP/1.1" 201 110
[26/Jan/2021 07:40:41] "POST /api/sendTodos/ HTTP/1.1" 201 110
[26/Jan/2021 07:40:46] "POST /api/sendTodos/ HTTP/1.1" 201 110
[26/Jan/2021 07:40:48] "POST /api/sendTodos/ HTTP/1.1" 201 14
[26/Jan/2021 07:40:49] "POST /api/sendTodos/ HTTP/1.1" 201 110
[26/Jan/2021 07:40:51] "POST /api/sendTodos/ HTTP/1.1" 201 14
[26/Jan/2021 07:40:54] "POST /api/sendTodos/ HTTP/1.1" 201 110
[26/Jan/2021 07:40:55] "POST /api/sendTodos/ HTTP/1.1" 201 14
[26/Jan/2021 07:40:59] "POST /api/sendTodos/ HTTP/1.1" 201 110
[26/Jan/2021 07:41:01] "POST /api/sendTodos/ HTTP/1.1" 201 14
[26/Jan/2021 07:41:03] "POST /api/sendTodos/ HTTP/1.1" 201 14
[26/Jan/2021 07:41:08] "POST /api/sendTodos/ HTTP/1.1" 201 14
[26/Jan/2021 07:59:21] "POST /api/sendTodos/ HTTP/1.1" 201 14
[26/Jan/2021 07:59:23] "POST /api/sendTodos/ HTTP/1.1" 201 14
[26/Jan/2021 07:59:25] "POST /api/sendTodos/ HTTP/1.1" 201 14
[26/Jan/2021 07:59:26] "POST /api/sendTodos/ HTTP/1.1" 201 14
[26/Jan/2021 07:59:28] "POST /api/sendTodos/ HTTP/1.1" 201 14
[26/Jan/2021 07:59:30] "POST /api/sendTodos/ HTTP/1.1" 201 14
[26/Jan/2021 07:59:32] "POST /api/sendTodos/ HTTP/1.1" 201 14
[26/Jan/2021 07:59:36] "POST /api/sendTodos/ HTTP/1.1" 201 14
[26/Jan/2021 07:59:39] "POST /api/sendTodos/ HTTP/1.1" 201 14
[26/Jan/2021 07:59:42] "POST /api/sendTodos/ HTTP/1.1" 201 14
[26/Jan/2021 07:59:46] "POST /api/sendTodos/ HTTP/1.1" 201 14
[26/Jan/2021 07:59:46] "POST /api/sendTodos/ HTTP/1.1" 201 14
[26/Jan/2021 07:59:46] "POST /api/sendTodos/ HTTP/1.1" 201 110
[26/Jan/2021 08:45:09] "POST /api/sendTodos/ HTTP/1.1" 201 110
[26/Jan/2021 08:45:17] "POST /api/sendTodos/ HTTP/1.1" 201 110
[26/Jan/2021 08:45:49] "POST /api/sendTodos/ HTTP/1.1" 201 110
[26/Jan/2021 08:45:54] "POST /api/sendTodos/ HTTP/1.1" 201 14
[26/Jan/2021 08:45:55] "POST /api/sendTodos/ HTTP/1.1" 201 110
[26/Jan/2021 08:45:59] "POST /api/sendTodos/ HTTP/1.1" 201 110
[26/Jan/2021 08:46:18] "POST /api/sendTodos/ HTTP/1.1" 201 110
[26/Jan/2021 08:46:19] "POST /api/sendTodos/ HTTP/1.1" 201 14
[26/Jan/2021 08:46:20] "POST /api/sendTodos/ HTTP/1.1" 201 14
[26/Jan/2021 08:46:20] "POST /api/sendTodos/ HTTP/1.1" 201 14
[26/Jan/2021 08:46:20] "POST /api/sendTodos/ HTTP/1.1" 201 14
[26/Jan/2021 08:46:21] "POST /api/sendTodos/ HTTP/1.1" 201 14
[26/Jan/2021 08:46:21] "POST /api/sendTodos/ HTTP/1.1" 201 32
[26/Jan/2021 08:46:21] "POST /api/sendTodos/ HTTP/1.1" 201 14
[26/Jan/2021 08:46:21] "POST /api/sendTodos/ HTTP/1.1" 201 14
[26/Jan/2021 08:46:22] "POST /api/sendTodos/ HTTP/1.1" 201 14
[26/Jan/2021 08:46:22] "POST /api/sendTodos/ HTTP/1.1" 201 14
[26/Jan/2021 08:46:22] "POST /api/sendTodos/ HTTP/1.1" 201 14
[26/Jan/2021 08:46:22] "POST /api/sendTodos/ HTTP/1.1" 201 14
[26/Jan/2021 08:46:22] "POST /api/sendTodos/ HTTP/1.1" 201 14
[26/Jan/2021 08:46:22] "POST /api/sendTodos/ HTTP/1.1" 201 14
[26/Jan/2021 08:46:23] "POST /api/sendTodos/ HTTP/1.1" 201 14
[26/Jan/2021 08:46:23] "POST /api/sendTodos/ HTTP/1.1" 201 14
[26/Jan/2021 08:46:23] "POST /api/sendTodos/ HTTP/1.1" 201 14
[26/Jan/2021 08:46:23] "POST /api/sendTodos/ HTTP/1.1" 201 14
[26/Jan/2021 08:46:23] "POST /api/sendTodos/ HTTP/1.1" 201 14
[26/Jan/2021 08:46:23] "POST /api/sendTodos/ HTTP/1.1" 201 14
[26/Jan/2021 08:46:24] "POST /api/sendTodos/ HTTP/1.1" 201 14
[26/Jan/2021 08:46:24] "POST /api/sendTodos/ HTTP/1.1" 201 14
[26/Jan/2021 08:46:24] "POST /api/sendTodos/ HTTP/1.1" 201 14
[26/Jan/2021 08:46:24] "POST /api/sendTodos/ HTTP/1.1" 201 14
[26/Jan/2021 08:46:24] "POST /api/sendTodos/ HTTP/1.1" 201 14
[26/Jan/2021 08:46:24] "POST /api/sendTodos/ HTTP/1.1" 201 14
[26/Jan/2021 08:46:25] "POST /api/sendTodos/ HTTP/1.1" 201 14
[26/Jan/2021 08:46:25] "POST /api/sendTodos/ HTTP/1.1" 201 14
[26/Jan/2021 08:46:25] "POST /api/sendTodos/ HTTP/1.1" 201 14
[26/Jan/2021 08:46:25] "POST /api/sendTodos/ HTTP/1.1" 201 14
[26/Jan/2021 08:46:25] "POST /api/sendTodos/ HTTP/1.1" 201 14
[26/Jan/2021 08:46:26] "POST /api/sendTodos/ HTTP/1.1" 201 14
[26/Jan/2021 08:46:26] "POST /api/sendTodos/ HTTP/1.1" 201 14
[26/Jan/2021 08:46:26] "POST /api/sendTodos/ HTTP/1.1" 201 14
[26/Jan/2021 08:46:26] "POST /api/sendTodos/ HTTP/1.1" 201 14
[26/Jan/2021 08:46:26] "POST /api/sendTodos/ HTTP/1.1" 201 14
[26/Jan/2021 08:46:26] "POST /api/sendTodos/ HTTP/1.1" 201 14
[26/Jan/2021 08:46:27] "POST /api/sendTodos/ HTTP/1.1" 201 14
[26/Jan/2021 08:46:27] "POST /api/sendTodos/ HTTP/1.1" 201 14
[26/Jan/2021 08:46:27] "POST /api/sendTodos/ HTTP/1.1" 201 14
[26/Jan/2021 08:46:27] "POST /api/sendTodos/ HTTP/1.1" 201 14
[26/Jan/2021 08:46:27] "POST /api/sendTodos/ HTTP/1.1" 201 14
[26/Jan/2021 08:46:27] "POST /api/sendTodos/ HTTP/1.1" 201 14
[26/Jan/2021 08:46:28] "POST /api/sendTodos/ HTTP/1.1" 201 14
[26/Jan/2021 08:46:28] "POST /api/sendTodos/ HTTP/1.1" 201 14
[26/Jan/2021 08:46:28] "POST /api/sendTodos/ HTTP/1.1" 201 14
[26/Jan/2021 08:46:28] "POST /api/sendTodos/ HTTP/1.1" 201 14
[26/Jan/2021 08:46:29] "POST /api/sendTodos/ HTTP/1.1" 201 14
[26/Jan/2021 08:46:29] "POST /api/sendTodos/ HTTP/1.1" 201 14
[26/Jan/2021 08:46:29] "POST /api/sendTodos/ HTTP/1.1" 201 14
[26/Jan/2021 08:46:29] "POST /api/sendTodos/ HTTP/1.1" 201 14
[26/Jan/2021 08:49:36] "POST /api/sendTodos/ HTTP/1.1" 201 110
[26/Jan/2021 08:49:38] "POST /api/sendTodos/ HTTP/1.1" 201 14
[26/Jan/2021 08:49:38] "POST /api/sendTodos/ HTTP/1.1" 201 14
[26/Jan/2021 08:49:39] "POST /api/sendTodos/ HTTP/1.1" 201 14
[26/Jan/2021 08:49:39] "POST /api/sendTodos/ HTTP/1.1" 201 14
[26/Jan/2021 08:49:39] "POST /api/sendTodos/ HTTP/1.1" 201 14
[26/Jan/2021 08:49:39] "POST /api/sendTodos/ HTTP/1.1" 201 32
[26/Jan/2021 08:49:39] "POST /api/sendTodos/ HTTP/1.1" 201 14
[26/Jan/2021 08:49:39] "POST /api/sendTodos/ HTTP/1.1" 201 14
[26/Jan/2021 08:49:40] "POST /api/sendTodos/ HTTP/1.1" 201 14
[26/Jan/2021 08:49:40] "POST /api/sendTodos/ HTTP/1.1" 201 14
[26/Jan/2021 08:49:40] "POST /api/sendTodos/ HTTP/1.1" 201 14
[26/Jan/2021 08:49:40] "POST /api/sendTodos/ HTTP/1.1" 201 14
[26/Jan/2021 08:49:40] "POST /api/sendTodos/ HTTP/1.1" 201 14
[26/Jan/2021 08:49:40] "POST /api/sendTodos/ HTTP/1.1" 201 14
[26/Jan/2021 08:49:41] "POST /api/sendTodos/ HTTP/1.1" 201 14
[26/Jan/2021 08:49:41] "POST /api/sendTodos/ HTTP/1.1" 201 14
[26/Jan/2021 08:49:41] "POST /api/sendTodos/ HTTP/1.1" 201 14
[26/Jan/2021 08:49:41] "POST /api/sendTodos/ HTTP/1.1" 201 14
[26/Jan/2021 08:49:41] "POST /api/sendTodos/ HTTP/1.1" 201 14
[26/Jan/2021 08:49:41] "POST /api/sendTodos/ HTTP/1.1" 201 14
[26/Jan/2021 08:49:41] "POST /api/sendTodos/ HTTP/1.1" 201 14
[26/Jan/2021 08:49:42] "POST /api/sendTodos/ HTTP/1.1" 201 14
[26/Jan/2021 08:49:42] "POST /api/sendTodos/ HTTP/1.1" 201 14
[26/Jan/2021 08:49:42] "POST /api/sendTodos/ HTTP/1.1" 201 14
[26/Jan/2021 08:49:42] "POST /api/sendTodos/ HTTP/1.1" 201 14
[26/Jan/2021 08:49:42] "POST /api/sendTodos/ HTTP/1.1" 201 14
[26/Jan/2021 08:49:42] "POST /api/sendTodos/ HTTP/1.1" 201 14
[26/Jan/2021 08:49:43] "POST /api/sendTodos/ HTTP/1.1" 201 14
[26/Jan/2021 08:49:43] "POST /api/sendTodos/ HTTP/1.1" 201 14
[26/Jan/2021 08:49:43] "POST /api/sendTodos/ HTTP/1.1" 201 14
[26/Jan/2021 08:49:43] "POST /api/sendTodos/ HTTP/1.1" 201 14
[26/Jan/2021 08:49:43] "POST /api/sendTodos/ HTTP/1.1" 201 14
[26/Jan/2021 08:49:44] "POST /api/sendTodos/ HTTP/1.1" 201 14
[26/Jan/2021 08:49:44] "POST /api/sendTodos/ HTTP/1.1" 201 14
[26/Jan/2021 08:49:44] "POST /api/sendTodos/ HTTP/1.1" 201 14
[26/Jan/2021 08:49:44] "POST /api/sendTodos/ HTTP/1.1" 201 14
[26/Jan/2021 08:49:44] "POST /api/sendTodos/ HTTP/1.1" 201 14
[26/Jan/2021 08:49:44] "POST /api/sendTodos/ HTTP/1.1" 201 14
[26/Jan/2021 08:49:44] "POST /api/sendTodos/ HTTP/1.1" 201 14
[26/Jan/2021 08:49:45] "POST /api/sendTodos/ HTTP/1.1" 201 14
[26/Jan/2021 08:49:45] "POST /api/sendTodos/ HTTP/1.1" 201 14
[26/Jan/2021 08:49:45] "POST /api/sendTodos/ HTTP/1.1" 201 14
[26/Jan/2021 08:49:45] "POST /api/sendTodos/ HTTP/1.1" 201 14
[26/Jan/2021 08:49:45] "POST /api/sendTodos/ HTTP/1.1" 201 14
[26/Jan/2021 08:49:45] "POST /api/sendTodos/ HTTP/1.1" 201 14
[26/Jan/2021 08:49:46] "POST /api/sendTodos/ HTTP/1.1" 201 14
[26/Jan/2021 08:49:46] "POST /api/sendTodos/ HTTP/1.1" 201 14
[26/Jan/2021 08:49:46] "POST /api/sendTodos/ HTTP/1.1" 201 14
[26/Jan/2021 08:49:46] "POST /api/sendTodos/ HTTP/1.1" 201 14
[26/Jan/2021 08:49:46] "POST /api/sendTodos/ HTTP/1.1" 201 14
[26/Jan/2021 08:49:47] "POST /api/sendTodos/ HTTP/1.1" 201 14
[26/Jan/2021 08:49:47] "POST /api/sendTodos/ HTTP/1.1" 201 14
[26/Jan/2021 08:49:47] "POST /api/sendTodos/ HTTP/1.1" 201 14
[26/Jan/2021 08:49:47] "POST /api/sendTodos/ HTTP/1.1" 201 14
[26/Jan/2021 08:49:47] "POST /api/sendTodos/ HTTP/1.1" 201 14
[26/Jan/2021 08:49:48] "POST /api/sendTodos/ HTTP/1.1" 201 14
[26/Jan/2021 08:49:48] "POST /api/sendTodos/ HTTP/1.1" 201 14
[26/Jan/2021 08:50:40] "POST /api/sendTodos/ HTTP/1.1" 201 110
[26/Jan/2021 08:50:46] "POST /api/sendTodos/ HTTP/1.1" 201 14
[26/Jan/2021 08:50:47] "POST /api/sendTodos/ HTTP/1.1" 201 14
[26/Jan/2021 08:50:47] "POST /api/sendTodos/ HTTP/1.1" 201 14
[26/Jan/2021 08:50:47] "POST /api/sendTodos/ HTTP/1.1" 201 14
[26/Jan/2021 08:50:47] "POST /api/sendTodos/ HTTP/1.1" 201 14
[26/Jan/2021 08:50:48] "POST /api/sendTodos/ HTTP/1.1" 201 14
[26/Jan/2021 08:50:48] "POST /api/sendTodos/ HTTP/1.1" 201 14
[26/Jan/2021 08:50:48] "POST /api/sendTodos/ HTTP/1.1" 201 14
[26/Jan/2021 08:50:48] "POST /api/sendTodos/ HTTP/1.1" 201 14
[26/Jan/2021 08:50:49] "POST /api/sendTodos/ HTTP/1.1" 201 14
[26/Jan/2021 08:50:52] "POST /api/sendTodos/ HTTP/1.1" 201 14
[26/Jan/2021 08:50:52] "POST /api/sendTodos/ HTTP/1.1" 201 14
[26/Jan/2021 08:50:52] "POST /api/sendTodos/ HTTP/1.1" 201 14
[26/Jan/2021 08:50:52] "POST /api/sendTodos/ HTTP/1.1" 201 14
[26/Jan/2021 08:50:52] "POST /api/sendTodos/ HTTP/1.1" 201 14
[26/Jan/2021 08:50:52] "POST /api/sendTodos/ HTTP/1.1" 201 14
[26/Jan/2021 08:50:53] "POST /api/sendTodos/ HTTP/1.1" 201 14
[26/Jan/2021 08:50:53] "POST /api/sendTodos/ HTTP/1.1" 201 14
[26/Jan/2021 08:50:53] "POST /api/sendTodos/ HTTP/1.1" 201 14
[26/Jan/2021 08:50:53] "POST /api/sendTodos/ HTTP/1.1" 201 110
[26/Jan/2021 08:50:53] "POST /api/sendTodos/ HTTP/1.1" 201 14
[26/Jan/2021 08:50:53] "POST /api/sendTodos/ HTTP/1.1" 201 14
[26/Jan/2021 08:50:54] "POST /api/sendTodos/ HTTP/1.1" 201 14
[26/Jan/2021 08:50:54] "POST /api/sendTodos/ HTTP/1.1" 201 14
[26/Jan/2021 08:50:54] "POST /api/sendTodos/ HTTP/1.1" 201 14
[26/Jan/2021 08:50:54] "POST /api/sendTodos/ HTTP/1.1" 201 32
[26/Jan/2021 08:50:54] "POST /api/sendTodos/ HTTP/1.1" 201 14
[26/Jan/2021 08:50:54] "POST /api/sendTodos/ HTTP/1.1" 201 14
[26/Jan/2021 08:50:54] "POST /api/sendTodos/ HTTP/1.1" 201 14
[26/Jan/2021 08:50:55] "POST /api/sendTodos/ HTTP/1.1" 201 14
[26/Jan/2021 08:50:55] "POST /api/sendTodos/ HTTP/1.1" 201 14
[26/Jan/2021 08:50:55] "POST /api/sendTodos/ HTTP/1.1" 201 14
[26/Jan/2021 08:50:55] "POST /api/sendTodos/ HTTP/1.1" 201 14
[26/Jan/2021 08:50:56] "POST /api/sendTodos/ HTTP/1.1" 201 14
[26/Jan/2021 08:50:56] "POST /api/sendTodos/ HTTP/1.1" 201 14
[26/Jan/2021 08:50:58] "POST /api/sendTodos/ HTTP/1.1" 201 14
[26/Jan/2021 08:50:58] "POST /api/sendTodos/ HTTP/1.1" 201 14
[26/Jan/2021 08:50:58] "POST /api/sendTodos/ HTTP/1.1" 201 14
[26/Jan/2021 08:50:59] "POST /api/sendTodos/ HTTP/1.1" 201 14
[26/Jan/2021 08:50:59] "POST /api/sendTodos/ HTTP/1.1" 201 14
[26/Jan/2021 08:50:59] "POST /api/sendTodos/ HTTP/1.1" 201 14
[26/Jan/2021 08:50:59] "POST /api/sendTodos/ HTTP/1.1" 201 14
[26/Jan/2021 08:50:59] "POST /api/sendTodos/ HTTP/1.1" 201 14
[26/Jan/2021 08:50:59] "POST /api/sendTodos/ HTTP/1.1" 201 14
[26/Jan/2021 08:51:00] "POST /api/sendTodos/ HTTP/1.1" 201 14
[26/Jan/2021 08:51:16] "POST /api/saveTodo/ HTTP/1.1" 201 0
[26/Jan/2021 08:51:18] "POST /api/sendTodos/ HTTP/1.1" 201 41
[26/Jan/2021 08:51:20] "POST /api/sendTodos/ HTTP/1.1" 201 14
[26/Jan/2021 08:51:20] "POST /api/sendTodos/ HTTP/1.1" 201 14
[26/Jan/2021 08:51:20] "POST /api/sendTodos/ HTTP/1.1" 201 14
[26/Jan/2021 08:51:20] "POST /api/sendTodos/ HTTP/1.1" 201 14
[26/Jan/2021 08:51:20] "POST /api/sendTodos/ HTTP/1.1" 201 14
[26/Jan/2021 08:51:21] "POST /api/sendTodos/ HTTP/1.1" 201 14
[26/Jan/2021 08:51:21] "POST /api/sendTodos/ HTTP/1.1" 201 14
[26/Jan/2021 08:51:21] "POST /api/sendTodos/ HTTP/1.1" 201 14
[26/Jan/2021 08:51:22] "POST /api/sendTodos/ HTTP/1.1" 201 14
[26/Jan/2021 08:51:22] "POST /api/sendTodos/ HTTP/1.1" 201 14
[26/Jan/2021 08:51:22] "POST /api/sendTodos/ HTTP/1.1" 201 14
[26/Jan/2021 08:51:22] "POST /api/sendTodos/ HTTP/1.1" 201 14
[26/Jan/2021 08:51:22] "POST /api/sendTodos/ HTTP/1.1" 201 14
[26/Jan/2021 08:51:22] "POST /api/sendTodos/ HTTP/1.1" 201 14
[26/Jan/2021 08:51:22] "POST /api/sendTodos/ HTTP/1.1" 201 14
[26/Jan/2021 08:51:23] "POST /api/sendTodos/ HTTP/1.1" 201 14
[26/Jan/2021 08:51:23] "POST /api/sendTodos/ HTTP/1.1" 201 14
[26/Jan/2021 08:51:23] "POST /api/sendTodos/ HTTP/1.1" 201 14
[26/Jan/2021 08:51:23] "POST /api/sendTodos/ HTTP/1.1" 201 14
[26/Jan/2021 08:51:23] "POST /api/sendTodos/ HTTP/1.1" 201 14
[26/Jan/2021 08:51:23] "POST /api/sendTodos/ HTTP/1.1" 201 14
[26/Jan/2021 08:51:24] "POST /api/sendTodos/ HTTP/1.1" 201 14
[26/Jan/2021 08:51:24] "POST /api/sendTodos/ HTTP/1.1" 201 14
[26/Jan/2021 08:51:24] "POST /api/sendTodos/ HTTP/1.1" 201 14
[26/Jan/2021 08:51:24] "POST /api/sendTodos/ HTTP/1.1" 201 14
[26/Jan/2021 08:51:26] "POST /api/sendTodos/ HTTP/1.1" 201 14
[26/Jan/2021 08:51:27] "POST /api/sendTodos/ HTTP/1.1" 201 14
[26/Jan/2021 08:51:27] "POST /api/sendTodos/ HTTP/1.1" 201 14
[26/Jan/2021 08:51:28] "POST /api/sendTodos/ HTTP/1.1" 201 14
[26/Jan/2021 08:51:28] "POST /api/sendTodos/ HTTP/1.1" 201 14
[26/Jan/2021 08:51:28] "POST /api/sendTodos/ HTTP/1.1" 201 14
[26/Jan/2021 08:51:28] "POST /api/sendTodos/ HTTP/1.1" 201 14
[26/Jan/2021 08:51:28] "POST /api/sendTodos/ HTTP/1.1" 201 14
[26/Jan/2021 08:51:28] "POST /api/sendTodos/ HTTP/1.1" 201 14
[26/Jan/2021 08:51:29] "POST /api/sendTodos/ HTTP/1.1" 201 14
[26/Jan/2021 08:51:29] "POST /api/sendTodos/ HTTP/1.1" 201 14
[26/Jan/2021 08:51:29] "POST /api/sendTodos/ HTTP/1.1" 201 14
[26/Jan/2021 08:51:33] "POST /api/sendTodos/ HTTP/1.1" 201 14
[26/Jan/2021 08:51:33] "POST /api/sendTodos/ HTTP/1.1" 201 14
[26/Jan/2021 08:51:33] "POST /api/sendTodos/ HTTP/1.1" 201 14
[26/Jan/2021 08:51:33] "POST /api/sendTodos/ HTTP/1.1" 201 14
[26/Jan/2021 08:51:33] "POST /api/sendTodos/ HTTP/1.1" 201 14
[26/Jan/2021 08:51:33] "POST /api/sendTodos/ HTTP/1.1" 201 14
[26/Jan/2021 08:51:33] "POST /api/sendTodos/ HTTP/1.1" 201 14
[26/Jan/2021 08:51:34] "POST /api/sendTodos/ HTTP/1.1" 201 14
[26/Jan/2021 08:51:34] "POST /api/sendTodos/ HTTP/1.1" 201 14
[26/Jan/2021 08:51:34] "POST /api/sendTodos/ HTTP/1.1" 201 14
[26/Jan/2021 08:51:34] "POST /api/sendTodos/ HTTP/1.1" 201 14
[26/Jan/2021 08:51:34] "POST /api/sendTodos/ HTTP/1.1" 201 14
[26/Jan/2021 08:51:34] "POST /api/sendTodos/ HTTP/1.1" 201 14
[26/Jan/2021 08:51:35] "POST /api/sendTodos/ HTTP/1.1" 201 14
[26/Jan/2021 08:51:35] "POST /api/sendTodos/ HTTP/1.1" 201 14
[26/Jan/2021 08:51:36] "POST /api/sendTodos/ HTTP/1.1" 201 14
[26/Jan/2021 08:51:36] "POST /api/sendTodos/ HTTP/1.1" 201 14
[26/Jan/2021 08:51:36] "POST /api/sendTodos/ HTTP/1.1" 201 14
[26/Jan/2021 08:51:36] "POST /api/sendTodos/ HTTP/1.1" 201 14
[26/Jan/2021 08:51:36] "POST /api/sendTodos/ HTTP/1.1" 201 14
[26/Jan/2021 08:51:37] "POST /api/sendTodos/ HTTP/1.1" 201 14
[26/Jan/2021 08:51:37] "POST /api/sendTodos/ HTTP/1.1" 201 14
[26/Jan/2021 08:51:37] "POST /api/sendTodos/ HTTP/1.1" 201 14
[26/Jan/2021 08:51:37] "POST /api/sendTodos/ HTTP/1.1" 201 14
[26/Jan/2021 08:51:37] "POST /api/sendTodos/ HTTP/1.1" 201 14
[26/Jan/2021 08:51:37] "POST /api/sendTodos/ HTTP/1.1" 201 14
[26/Jan/2021 08:51:38] "POST /api/sendTodos/ HTTP/1.1" 201 14
[26/Jan/2021 08:51:38] "POST /api/sendTodos/ HTTP/1.1" 201 14
[26/Jan/2021 08:51:38] "POST /api/sendTodos/ HTTP/1.1" 201 14
[26/Jan/2021 08:51:38] "POST /api/sendTodos/ HTTP/1.1" 201 14
[26/Jan/2021 08:51:38] "POST /api/sendTodos/ HTTP/1.1" 201 14
[26/Jan/2021 08:51:39] "POST /api/sendTodos/ HTTP/1.1" 201 14
[26/Jan/2021 08:51:39] "POST /api/sendTodos/ HTTP/1.1" 201 14
[26/Jan/2021 08:51:39] "POST /api/sendTodos/ HTTP/1.1" 201 14
[26/Jan/2021 08:51:39] "POST /api/sendTodos/ HTTP/1.1" 201 14
[26/Jan/2021 08:51:39] "POST /api/sendTodos/ HTTP/1.1" 201 14
[26/Jan/2021 08:51:39] "POST /api/sendTodos/ HTTP/1.1" 201 14
[26/Jan/2021 08:51:40] "POST /api/sendTodos/ HTTP/1.1" 201 14
[26/Jan/2021 08:51:40] "POST /api/sendTodos/ HTTP/1.1" 201 14
[26/Jan/2021 08:51:40] "POST /api/sendTodos/ HTTP/1.1" 201 14
[26/Jan/2021 08:51:40] "POST /api/sendTodos/ HTTP/1.1" 201 14
[26/Jan/2021 08:51:40] "POST /api/sendTodos/ HTTP/1.1" 201 14
[26/Jan/2021 08:51:40] "POST /api/sendTodos/ HTTP/1.1" 201 14
[26/Jan/2021 08:51:41] "POST /api/sendTodos/ HTTP/1.1" 201 14
[26/Jan/2021 08:51:41] "POST /api/sendTodos/ HTTP/1.1" 201 14
[26/Jan/2021 08:51:41] "POST /api/sendTodos/ HTTP/1.1" 201 14
[26/Jan/2021 08:51:41] "POST /api/sendTodos/ HTTP/1.1" 201 14
[26/Jan/2021 08:51:42] "POST /api/sendTodos/ HTTP/1.1" 201 14
[26/Jan/2021 08:51:42] "POST /api/sendTodos/ HTTP/1.1" 201 14
[26/Jan/2021 08:51:42] "POST /api/sendTodos/ HTTP/1.1" 201 14
[26/Jan/2021 08:51:42] "POST /api/sendTodos/ HTTP/1.1" 201 14
[26/Jan/2021 08:51:42] "POST /api/sendTodos/ HTTP/1.1" 201 14
[26/Jan/2021 08:51:43] "POST /api/sendTodos/ HTTP/1.1" 201 14
[26/Jan/2021 08:51:43] "POST /api/sendTodos/ HTTP/1.1" 201 14
[26/Jan/2021 08:51:43] "POST /api/sendTodos/ HTTP/1.1" 201 14
[26/Jan/2021 08:51:43] "POST /api/sendTodos/ HTTP/1.1" 201 14
[26/Jan/2021 08:51:43] "POST /api/sendTodos/ HTTP/1.1" 201 14
[26/Jan/2021 08:51:44] "POST /api/sendTodos/ HTTP/1.1" 201 14
[26/Jan/2021 08:51:44] "POST /api/sendTodos/ HTTP/1.1" 201 14
[26/Jan/2021 08:51:44] "POST /api/sendTodos/ HTTP/1.1" 201 14
[26/Jan/2021 08:51:44] "POST /api/sendTodos/ HTTP/1.1" 201 14
[26/Jan/2021 08:51:44] "POST /api/sendTodos/ HTTP/1.1" 201 14
[26/Jan/2021 08:51:44] "POST /api/sendTodos/ HTTP/1.1" 201 14
[26/Jan/2021 08:51:45] "POST /api/sendTodos/ HTTP/1.1" 201 14
[26/Jan/2021 08:51:45] "POST /api/sendTodos/ HTTP/1.1" 201 14
[26/Jan/2021 08:51:45] "POST /api/sendTodos/ HTTP/1.1" 201 14
[26/Jan/2021 08:51:45] "POST /api/sendTodos/ HTTP/1.1" 201 14
[26/Jan/2021 08:51:45] "POST /api/sendTodos/ HTTP/1.1" 201 14
[26/Jan/2021 08:51:45] "POST /api/sendTodos/ HTTP/1.1" 201 14
[26/Jan/2021 08:51:46] "POST /api/sendTodos/ HTTP/1.1" 201 14
[26/Jan/2021 08:51:46] "POST /api/sendTodos/ HTTP/1.1" 201 14
[26/Jan/2021 08:51:46] "POST /api/sendTodos/ HTTP/1.1" 201 14
[26/Jan/2021 08:51:46] "POST /api/sendTodos/ HTTP/1.1" 201 14
[26/Jan/2021 08:51:46] "POST /api/sendTodos/ HTTP/1.1" 201 14
[26/Jan/2021 08:51:46] "POST /api/sendTodos/ HTTP/1.1" 201 14
[26/Jan/2021 08:51:47] "POST /api/sendTodos/ HTTP/1.1" 201 14
[26/Jan/2021 08:51:47] "POST /api/sendTodos/ HTTP/1.1" 201 14
[26/Jan/2021 08:51:47] "POST /api/sendTodos/ HTTP/1.1" 201 14
[26/Jan/2021 08:51:47] "POST /api/sendTodos/ HTTP/1.1" 201 14
[26/Jan/2021 08:51:47] "POST /api/sendTodos/ HTTP/1.1" 201 14
[26/Jan/2021 08:51:48] "POST /api/sendTodos/ HTTP/1.1" 201 14
[26/Jan/2021 08:51:48] "POST /api/sendTodos/ HTTP/1.1" 201 14
[26/Jan/2021 08:51:48] "POST /api/sendTodos/ HTTP/1.1" 201 14
[26/Jan/2021 08:51:48] "POST /api/sendTodos/ HTTP/1.1" 201 14
[26/Jan/2021 08:51:48] "POST /api/sendTodos/ HTTP/1.1" 201 14
[26/Jan/2021 08:51:49] "POST /api/sendTodos/ HTTP/1.1" 201 14
[26/Jan/2021 08:51:49] "POST /api/sendTodos/ HTTP/1.1" 201 14
[26/Jan/2021 08:51:49] "POST /api/sendTodos/ HTTP/1.1" 201 14
[26/Jan/2021 08:51:49] "POST /api/sendTodos/ HTTP/1.1" 201 14
[26/Jan/2021 08:51:49] "POST /api/sendTodos/ HTTP/1.1" 201 14
[26/Jan/2021 08:51:49] "POST /api/sendTodos/ HTTP/1.1" 201 14
[26/Jan/2021 08:51:51] "POST /api/sendTodos/ HTTP/1.1" 201 14
[26/Jan/2021 08:51:51] "POST /api/sendTodos/ HTTP/1.1" 201 14
[26/Jan/2021 08:51:51] "POST /api/sendTodos/ HTTP/1.1" 201 14
[26/Jan/2021 08:51:52] "POST /api/sendTodos/ HTTP/1.1" 201 14
[26/Jan/2021 08:51:52] "POST /api/sendTodos/ HTTP/1.1" 201 14
[26/Jan/2021 08:51:52] "POST /api/sendTodos/ HTTP/1.1" 201 14
[26/Jan/2021 08:51:52] "POST /api/sendTodos/ HTTP/1.1" 201 14
[26/Jan/2021 08:51:52] "POST /api/sendTodos/ HTTP/1.1" 201 14
[26/Jan/2021 08:51:52] "POST /api/sendTodos/ HTTP/1.1" 201 14
[26/Jan/2021 08:51:52] "POST /api/sendTodos/ HTTP/1.1" 201 14
[26/Jan/2021 08:51:53] "POST /api/sendTodos/ HTTP/1.1" 201 14
[26/Jan/2021 08:51:53] "POST /api/sendTodos/ HTTP/1.1" 201 14
[26/Jan/2021 08:51:53] "POST /api/sendTodos/ HTTP/1.1" 201 14
[26/Jan/2021 08:51:53] "POST /api/sendTodos/ HTTP/1.1" 201 14
[26/Jan/2021 08:51:53] "POST /api/sendTodos/ HTTP/1.1" 201 14
[26/Jan/2021 08:51:53] "POST /api/sendTodos/ HTTP/1.1" 201 14
[26/Jan/2021 08:51:53] "POST /api/sendTodos/ HTTP/1.1" 201 14
[26/Jan/2021 08:51:54] "POST /api/sendTodos/ HTTP/1.1" 201 14
[26/Jan/2021 08:51:54] "POST /api/sendTodos/ HTTP/1.1" 201 14
[26/Jan/2021 08:51:54] "POST /api/sendTodos/ HTTP/1.1" 201 14
[26/Jan/2021 08:51:54] "POST /api/sendTodos/ HTTP/1.1" 201 14
[26/Jan/2021 08:51:55] "POST /api/sendTodos/ HTTP/1.1" 201 14
[26/Jan/2021 08:51:55] "POST /api/sendTodos/ HTTP/1.1" 201 14
[26/Jan/2021 08:51:55] "POST /api/sendTodos/ HTTP/1.1" 201 14
[26/Jan/2021 08:51:55] "POST /api/sendTodos/ HTTP/1.1" 201 14
[26/Jan/2021 08:51:55] "POST /api/sendTodos/ HTTP/1.1" 201 14
[26/Jan/2021 08:51:55] "POST /api/sendTodos/ HTTP/1.1" 201 14
[26/Jan/2021 08:51:56] "POST /api/sendTodos/ HTTP/1.1" 201 14
[26/Jan/2021 08:51:56] "POST /api/sendTodos/ HTTP/1.1" 201 14
[26/Jan/2021 08:51:56] "POST /api/sendTodos/ HTTP/1.1" 201 14
[26/Jan/2021 08:51:56] "POST /api/sendTodos/ HTTP/1.1" 201 14
[26/Jan/2021 08:51:56] "POST /api/sendTodos/ HTTP/1.1" 201 14
[26/Jan/2021 08:51:57] "POST /api/sendTodos/ HTTP/1.1" 201 14
[26/Jan/2021 08:51:57] "POST /api/sendTodos/ HTTP/1.1" 201 14
[26/Jan/2021 08:51:57] "POST /api/sendTodos/ HTTP/1.1" 201 14
[26/Jan/2021 08:51:58] "POST /api/sendTodos/ HTTP/1.1" 201 14
[26/Jan/2021 08:51:58] "POST /api/sendTodos/ HTTP/1.1" 201 14
[26/Jan/2021 08:51:59] "POST /api/sendTodos/ HTTP/1.1" 201 14
[26/Jan/2021 08:51:59] "POST /api/sendTodos/ HTTP/1.1" 201 14
[26/Jan/2021 08:51:59] "POST /api/sendTodos/ HTTP/1.1" 201 14
[26/Jan/2021 08:51:59] "POST /api/sendTodos/ HTTP/1.1" 201 14
[26/Jan/2021 08:52:00] "POST /api/sendTodos/ HTTP/1.1" 201 14
[26/Jan/2021 08:52:00] "POST /api/sendTodos/ HTTP/1.1" 201 14
[26/Jan/2021 08:52:00] "POST /api/sendTodos/ HTTP/1.1" 201 14
[26/Jan/2021 08:52:00] "POST /api/sendTodos/ HTTP/1.1" 201 14
[26/Jan/2021 08:52:00] "POST /api/sendTodos/ HTTP/1.1" 201 14
[26/Jan/2021 08:52:01] "POST /api/sendTodos/ HTTP/1.1" 201 14
[26/Jan/2021 08:52:01] "POST /api/sendTodos/ HTTP/1.1" 201 14
[26/Jan/2021 08:52:01] "POST /api/sendTodos/ HTTP/1.1" 201 14
[26/Jan/2021 08:52:01] "POST /api/sendTodos/ HTTP/1.1" 201 14
[26/Jan/2021 08:52:01] "POST /api/sendTodos/ HTTP/1.1" 201 14
[26/Jan/2021 08:52:01] "POST /api/sendTodos/ HTTP/1.1" 201 14
[26/Jan/2021 08:52:02] "POST /api/sendTodos/ HTTP/1.1" 201 14
[26/Jan/2021 08:52:02] "POST /api/sendTodos/ HTTP/1.1" 201 14
[26/Jan/2021 08:52:02] "POST /api/sendTodos/ HTTP/1.1" 201 14
[26/Jan/2021 08:52:02] "POST /api/sendTodos/ HTTP/1.1" 201 14
[26/Jan/2021 08:52:02] "POST /api/sendTodos/ HTTP/1.1" 201 14
[26/Jan/2021 08:52:02] "POST /api/sendTodos/ HTTP/1.1" 201 14
[26/Jan/2021 08:52:03] "POST /api/sendTodos/ HTTP/1.1" 201 14
[26/Jan/2021 08:52:03] "POST /api/sendTodos/ HTTP/1.1" 201 14
[26/Jan/2021 08:52:03] "POST /api/sendTodos/ HTTP/1.1" 201 14
[26/Jan/2021 08:52:03] "POST /api/sendTodos/ HTTP/1.1" 201 14
[26/Jan/2021 08:52:03] "POST /api/sendTodos/ HTTP/1.1" 201 14
[26/Jan/2021 08:52:04] "POST /api/sendTodos/ HTTP/1.1" 201 14
[26/Jan/2021 08:52:04] "POST /api/sendTodos/ HTTP/1.1" 201 14
[26/Jan/2021 08:52:04] "POST /api/sendTodos/ HTTP/1.1" 201 14
[26/Jan/2021 08:52:04] "POST /api/sendTodos/ HTTP/1.1" 201 14
[26/Jan/2021 08:52:04] "POST /api/sendTodos/ HTTP/1.1" 201 14
[26/Jan/2021 08:52:05] "POST /api/sendTodos/ HTTP/1.1" 201 14
[26/Jan/2021 08:52:05] "POST /api/sendTodos/ HTTP/1.1" 201 14
[26/Jan/2021 08:52:05] "POST /api/sendTodos/ HTTP/1.1" 201 14
[26/Jan/2021 08:52:05] "POST /api/sendTodos/ HTTP/1.1" 201 14
[26/Jan/2021 08:52:05] "POST /api/sendTodos/ HTTP/1.1" 201 14
[26/Jan/2021 08:52:05] "POST /api/sendTodos/ HTTP/1.1" 201 14
[26/Jan/2021 08:52:06] "POST /api/sendTodos/ HTTP/1.1" 201 14
[26/Jan/2021 08:52:06] "POST /api/sendTodos/ HTTP/1.1" 201 14
[26/Jan/2021 08:52:06] "POST /api/sendTodos/ HTTP/1.1" 201 14
[26/Jan/2021 08:52:06] "POST /api/sendTodos/ HTTP/1.1" 201 14
[26/Jan/2021 08:52:06] "POST /api/sendTodos/ HTTP/1.1" 201 14
[26/Jan/2021 08:52:06] "POST /api/sendTodos/ HTTP/1.1" 201 14
[26/Jan/2021 08:52:07] "POST /api/sendTodos/ HTTP/1.1" 201 14
[26/Jan/2021 08:52:07] "POST /api/sendTodos/ HTTP/1.1" 201 14
[26/Jan/2021 08:52:07] "POST /api/sendTodos/ HTTP/1.1" 201 14
[26/Jan/2021 08:52:07] "POST /api/sendTodos/ HTTP/1.1" 201 14
[26/Jan/2021 08:52:08] "POST /api/sendTodos/ HTTP/1.1" 201 14
[26/Jan/2021 08:52:08] "POST /api/sendTodos/ HTTP/1.1" 201 14
[26/Jan/2021 08:52:08] "POST /api/sendTodos/ HTTP/1.1" 201 14
[26/Jan/2021 08:52:08] "POST /api/sendTodos/ HTTP/1.1" 201 14
[26/Jan/2021 08:52:08] "POST /api/sendTodos/ HTTP/1.1" 201 14
[26/Jan/2021 08:52:08] "POST /api/sendTodos/ HTTP/1.1" 201 14
[26/Jan/2021 08:52:09] "POST /api/sendTodos/ HTTP/1.1" 201 14
[26/Jan/2021 08:52:09] "POST /api/sendTodos/ HTTP/1.1" 201 14
[26/Jan/2021 08:52:11] "POST /api/sendTodos/ HTTP/1.1" 201 14
[26/Jan/2021 08:52:11] "POST /api/sendTodos/ HTTP/1.1" 201 14
[26/Jan/2021 08:52:12] "POST /api/sendTodos/ HTTP/1.1" 201 14
[26/Jan/2021 08:52:12] "POST /api/sendTodos/ HTTP/1.1" 201 14
[26/Jan/2021 08:52:12] "POST /api/sendTodos/ HTTP/1.1" 201 14
[26/Jan/2021 08:52:12] "POST /api/sendTodos/ HTTP/1.1" 201 14
[26/Jan/2021 08:52:13] "POST /api/sendTodos/ HTTP/1.1" 201 14
[26/Jan/2021 08:52:13] "POST /api/sendTodos/ HTTP/1.1" 201 14
[26/Jan/2021 08:52:13] "POST /api/sendTodos/ HTTP/1.1" 201 14
[26/Jan/2021 08:52:16] "POST /api/sendTodos/ HTTP/1.1" 201 14
[26/Jan/2021 08:52:32] "POST /api/saveTodo/ HTTP/1.1" 201 0
[26/Jan/2021 08:52:34] "POST /api/sendTodos/ HTTP/1.1" 201 30
[26/Jan/2021 08:52:49] "POST /api/sendTodos/ HTTP/1.1" 201 110
[26/Jan/2021 08:52:51] "POST /api/sendTodos/ HTTP/1.1" 201 110
[26/Jan/2021 08:53:09] "POST /api/saveTodo/ HTTP/1.1" 201 0
[26/Jan/2021 08:53:10] "POST /api/sendTodos/ HTTP/1.1" 201 128
[26/Jan/2021 08:53:16] "POST /api/sendTodos/ HTTP/1.1" 201 128
[26/Jan/2021 08:57:25] "POST /api/sendTodos/ HTTP/1.1" 201 128
[26/Jan/2021 11:05:18] "POST /api/sendTodos/ HTTP/1.1" 201 128
[26/Jan/2021 11:05:19] "GET /api/sendContent/43 HTTP/1.1" 201 30
[26/Jan/2021 11:05:21] "POST /api/sendTodos/ HTTP/1.1" 201 128
[26/Jan/2021 15:00:57] "POST /api/sendTodos/ HTTP/1.1" 201 128
[26/Jan/2021 19:50:46] "POST /api/sendTodos/ HTTP/1.1" 201 128
[26/Jan/2021 19:50:48] "GET /api/sendContent/43 HTTP/1.1" 201 30
[26/Jan/2021 19:50:49] "DELETE /api/deleteContent/43 HTTP/1.1" 201 0
[26/Jan/2021 19:50:50] "POST /api/sendTodos/ HTTP/1.1" 201 110
[26/Jan/2021 19:50:51] "GET /api/sendContent/38 HTTP/1.1" 201 58
[26/Jan/2021 19:50:52] "DELETE /api/deleteContent/38 HTTP/1.1" 201 0
[26/Jan/2021 19:50:52] "POST /api/sendTodos/ HTTP/1.1" 201 74
[26/Jan/2021 19:50:53] "GET /api/sendContent/39 HTTP/1.1" 201 135
[26/Jan/2021 19:50:55] "DELETE /api/deleteContent/39 HTTP/1.1" 201 0
[26/Jan/2021 19:50:55] "POST /api/sendTodos/ HTTP/1.1" 201 37
[26/Jan/2021 19:50:56] "GET /api/sendContent/20 HTTP/1.1" 201 138
[26/Jan/2021 19:50:57] "DELETE /api/deleteContent/20 HTTP/1.1" 201 0
[26/Jan/2021 19:50:58] "POST /api/sendTodos/ HTTP/1.1" 201 14
[26/Jan/2021 19:51:09] "POST /api/saveTodo/ HTTP/1.1" 201 0
[26/Jan/2021 19:51:10] "POST /api/sendTodos/ HTTP/1.1" 201 37
[26/Jan/2021 19:51:11] "GET /api/sendContent/44 HTTP/1.1" 201 38
[26/Jan/2021 19:51:12] "POST /api/sendTodos/ HTTP/1.1" 201 37
[26/Jan/2021 19:51:15] "POST /api/sendTodos/ HTTP/1.1" 201 14
[26/Jan/2021 19:51:16] "POST /api/sendTodos/ HTTP/1.1" 201 14
[26/Jan/2021 19:51:16] "POST /api/sendTodos/ HTTP/1.1" 201 14
[26/Jan/2021 19:51:17] "POST /api/sendTodos/ HTTP/1.1" 201 14
[26/Jan/2021 19:51:17] "POST /api/sendTodos/ HTTP/1.1" 201 14
[26/Jan/2021 19:51:18] "POST /api/sendTodos/ HTTP/1.1" 201 32
[26/Jan/2021 19:51:18] "POST /api/sendTodos/ HTTP/1.1" 201 14
[26/Jan/2021 19:51:22] "POST /api/sendTodos/ HTTP/1.1" 201 32
[26/Jan/2021 19:51:22] "GET /api/sendContent/14 HTTP/1.1" 201 34
[26/Jan/2021 19:51:24] "DELETE /api/deleteContent/14 HTTP/1.1" 201 0
[26/Jan/2021 19:51:24] "POST /api/sendTodos/ HTTP/1.1" 201 14
[26/Jan/2021 19:51:27] "POST /api/sendTodos/ HTTP/1.1" 201 14
[26/Jan/2021 19:51:27] "POST /api/sendTodos/ HTTP/1.1" 201 14
[26/Jan/2021 19:51:27] "POST /api/sendTodos/ HTTP/1.1" 201 14
[26/Jan/2021 19:51:27] "POST /api/sendTodos/ HTTP/1.1" 201 14
[26/Jan/2021 19:51:27] "POST /api/sendTodos/ HTTP/1.1" 201 14
[26/Jan/2021 19:51:27] "POST /api/sendTodos/ HTTP/1.1" 201 14
[26/Jan/2021 19:51:28] "POST /api/sendTodos/ HTTP/1.1" 201 14
[26/Jan/2021 19:51:28] "POST /api/sendTodos/ HTTP/1.1" 201 14
[26/Jan/2021 19:51:28] "POST /api/sendTodos/ HTTP/1.1" 201 14
[26/Jan/2021 19:51:28] "POST /api/sendTodos/ HTTP/1.1" 201 14
[26/Jan/2021 19:51:28] "POST /api/sendTodos/ HTTP/1.1" 201 14
[26/Jan/2021 19:51:28] "POST /api/sendTodos/ HTTP/1.1" 201 14
[26/Jan/2021 19:51:29] "POST /api/sendTodos/ HTTP/1.1" 201 14
[26/Jan/2021 19:51:29] "POST /api/sendTodos/ HTTP/1.1" 201 14
[26/Jan/2021 19:51:29] "POST /api/sendTodos/ HTTP/1.1" 201 14
[26/Jan/2021 19:51:29] "POST /api/sendTodos/ HTTP/1.1" 201 14
[26/Jan/2021 19:51:29] "POST /api/sendTodos/ HTTP/1.1" 201 14
[26/Jan/2021 19:51:29] "POST /api/sendTodos/ HTTP/1.1" 201 14
[26/Jan/2021 19:51:30] "POST /api/sendTodos/ HTTP/1.1" 201 41
[26/Jan/2021 19:51:30] "POST /api/sendTodos/ HTTP/1.1" 201 14
[26/Jan/2021 19:51:30] "POST /api/sendTodos/ HTTP/1.1" 201 14
[26/Jan/2021 19:51:30] "POST /api/sendTodos/ HTTP/1.1" 201 14
[26/Jan/2021 19:51:30] "POST /api/sendTodos/ HTTP/1.1" 201 14
[26/Jan/2021 19:51:33] "POST /api/sendTodos/ HTTP/1.1" 201 14
[26/Jan/2021 19:51:33] "POST /api/sendTodos/ HTTP/1.1" 201 14
[26/Jan/2021 19:51:34] "POST /api/sendTodos/ HTTP/1.1" 201 14
[26/Jan/2021 19:51:34] "POST /api/sendTodos/ HTTP/1.1" 201 41
[26/Jan/2021 19:51:34] "POST /api/sendTodos/ HTTP/1.1" 201 14
[26/Jan/2021 19:51:36] "POST /api/sendTodos/ HTTP/1.1" 201 41
[26/Jan/2021 19:51:37] "GET /api/sendContent/41 HTTP/1.1" 201 46
[26/Jan/2021 19:51:38] "DELETE /api/deleteContent/41 HTTP/1.1" 201 0
[26/Jan/2021 19:51:38] "POST /api/sendTodos/ HTTP/1.1" 201 14
[26/Jan/2021 19:51:40] "POST /api/sendTodos/ HTTP/1.1" 201 14
[26/Jan/2021 19:51:40] "POST /api/sendTodos/ HTTP/1.1" 201 14
[26/Jan/2021 19:51:41] "POST /api/sendTodos/ HTTP/1.1" 201 14
[26/Jan/2021 19:51:41] "POST /api/sendTodos/ HTTP/1.1" 201 14
[26/Jan/2021 19:51:41] "POST /api/sendTodos/ HTTP/1.1" 201 14
[26/Jan/2021 19:51:41] "POST /api/sendTodos/ HTTP/1.1" 201 14
[26/Jan/2021 19:51:42] "POST /api/sendTodos/ HTTP/1.1" 201 14
[26/Jan/2021 19:51:42] "POST /api/sendTodos/ HTTP/1.1" 201 14
[26/Jan/2021 19:51:42] "POST /api/sendTodos/ HTTP/1.1" 201 14
[26/Jan/2021 19:51:42] "POST /api/sendTodos/ HTTP/1.1" 201 14
[26/Jan/2021 19:51:43] "POST /api/sendTodos/ HTTP/1.1" 201 14
[26/Jan/2021 19:51:43] "POST /api/sendTodos/ HTTP/1.1" 201 14
[26/Jan/2021 19:51:43] "POST /api/sendTodos/ HTTP/1.1" 201 14
[26/Jan/2021 19:51:43] "POST /api/sendTodos/ HTTP/1.1" 201 14
[26/Jan/2021 19:51:43] "POST /api/sendTodos/ HTTP/1.1" 201 14
[26/Jan/2021 19:51:43] "POST /api/sendTodos/ HTTP/1.1" 201 14
[26/Jan/2021 19:51:44] "POST /api/sendTodos/ HTTP/1.1" 201 14
[26/Jan/2021 19:51:44] "POST /api/sendTodos/ HTTP/1.1" 201 14
[26/Jan/2021 19:51:44] "POST /api/sendTodos/ HTTP/1.1" 201 14
[26/Jan/2021 19:51:44] "POST /api/sendTodos/ HTTP/1.1" 201 14
[26/Jan/2021 19:51:44] "POST /api/sendTodos/ HTTP/1.1" 201 14
[26/Jan/2021 19:51:45] "POST /api/sendTodos/ HTTP/1.1" 201 14
[26/Jan/2021 19:51:45] "POST /api/sendTodos/ HTTP/1.1" 201 14
[26/Jan/2021 19:51:45] "POST /api/sendTodos/ HTTP/1.1" 201 14
[26/Jan/2021 19:51:45] "POST /api/sendTodos/ HTTP/1.1" 201 14
[26/Jan/2021 19:51:45] "POST /api/sendTodos/ HTTP/1.1" 201 30
[26/Jan/2021 19:51:46] "POST /api/sendTodos/ HTTP/1.1" 201 14
[26/Jan/2021 19:51:46] "POST /api/sendTodos/ HTTP/1.1" 201 14
[26/Jan/2021 19:51:46] "POST /api/sendTodos/ HTTP/1.1" 201 14
[26/Jan/2021 19:51:48] "POST /api/sendTodos/ HTTP/1.1" 201 14
[26/Jan/2021 19:51:49] "POST /api/sendTodos/ HTTP/1.1" 201 14
[26/Jan/2021 19:51:49] "POST /api/sendTodos/ HTTP/1.1" 201 30
[26/Jan/2021 19:51:49] "POST /api/sendTodos/ HTTP/1.1" 201 14
[26/Jan/2021 19:51:52] "POST /api/sendTodos/ HTTP/1.1" 201 30
[26/Jan/2021 19:51:52] "GET /api/sendContent/42 HTTP/1.1" 201 30
[26/Jan/2021 19:51:54] "POST /api/sendTodos/ HTTP/1.1" 201 30
[26/Jan/2021 19:51:56] "POST /api/sendTodos/ HTTP/1.1" 201 14
[26/Jan/2021 19:51:56] "POST /api/sendTodos/ HTTP/1.1" 201 14
[26/Jan/2021 19:51:56] "POST /api/sendTodos/ HTTP/1.1" 201 14
[26/Jan/2021 19:51:56] "POST /api/sendTodos/ HTTP/1.1" 201 14
[26/Jan/2021 19:51:57] "POST /api/sendTodos/ HTTP/1.1" 201 14
[26/Jan/2021 19:51:57] "POST /api/sendTodos/ HTTP/1.1" 201 14
[26/Jan/2021 19:51:57] "POST /api/sendTodos/ HTTP/1.1" 201 14
[26/Jan/2021 19:51:57] "POST /api/sendTodos/ HTTP/1.1" 201 14
[26/Jan/2021 19:51:57] "POST /api/sendTodos/ HTTP/1.1" 201 14
[26/Jan/2021 19:51:58] "POST /api/sendTodos/ HTTP/1.1" 201 14
[26/Jan/2021 19:51:58] "POST /api/sendTodos/ HTTP/1.1" 201 14
[26/Jan/2021 19:51:58] "POST /api/sendTodos/ HTTP/1.1" 201 14
[26/Jan/2021 19:51:58] "POST /api/sendTodos/ HTTP/1.1" 201 14
[26/Jan/2021 19:51:58] "POST /api/sendTodos/ HTTP/1.1" 201 14
[26/Jan/2021 19:51:59] "POST /api/sendTodos/ HTTP/1.1" 201 14
[26/Jan/2021 19:51:59] "POST /api/sendTodos/ HTTP/1.1" 201 14
[26/Jan/2021 19:51:59] "POST /api/sendTodos/ HTTP/1.1" 201 14
[26/Jan/2021 19:51:59] "POST /api/sendTodos/ HTTP/1.1" 201 14
[26/Jan/2021 19:51:59] "POST /api/sendTodos/ HTTP/1.1" 201 14
[26/Jan/2021 19:52:00] "POST /api/sendTodos/ HTTP/1.1" 201 14
[26/Jan/2021 19:52:00] "POST /api/sendTodos/ HTTP/1.1" 201 14
[26/Jan/2021 19:52:00] "POST /api/sendTodos/ HTTP/1.1" 201 14
[26/Jan/2021 19:52:00] "POST /api/sendTodos/ HTTP/1.1" 201 14
[26/Jan/2021 19:52:00] "POST /api/sendTodos/ HTTP/1.1" 201 14
[26/Jan/2021 19:52:00] "POST /api/sendTodos/ HTTP/1.1" 201 14
[26/Jan/2021 19:52:01] "POST /api/sendTodos/ HTTP/1.1" 201 14
[26/Jan/2021 19:52:01] "POST /api/sendTodos/ HTTP/1.1" 201 14
[26/Jan/2021 19:52:01] "POST /api/sendTodos/ HTTP/1.1" 201 14
[26/Jan/2021 19:52:01] "POST /api/sendTodos/ HTTP/1.1" 201 14
[26/Jan/2021 19:52:02] "POST /api/sendTodos/ HTTP/1.1" 201 14
[26/Jan/2021 19:52:02] "POST /api/sendTodos/ HTTP/1.1" 201 14
[26/Jan/2021 19:52:02] "POST /api/sendTodos/ HTTP/1.1" 201 14
[26/Jan/2021 19:52:02] "POST /api/sendTodos/ HTTP/1.1" 201 14
[26/Jan/2021 19:52:02] "POST /api/sendTodos/ HTTP/1.1" 201 14
[26/Jan/2021 19:52:03] "POST /api/sendTodos/ HTTP/1.1" 201 14
[26/Jan/2021 19:52:03] "POST /api/sendTodos/ HTTP/1.1" 201 14
[26/Jan/2021 19:52:04] "POST /api/sendTodos/ HTTP/1.1" 201 14
[26/Jan/2021 19:52:04] "POST /api/sendTodos/ HTTP/1.1" 201 14
[26/Jan/2021 19:52:04] "POST /api/sendTodos/ HTTP/1.1" 201 14
[26/Jan/2021 19:52:04] "POST /api/sendTodos/ HTTP/1.1" 201 14
[26/Jan/2021 19:52:05] "POST /api/sendTodos/ HTTP/1.1" 201 14
[26/Jan/2021 19:52:05] "POST /api/sendTodos/ HTTP/1.1" 201 14
[26/Jan/2021 19:52:05] "POST /api/sendTodos/ HTTP/1.1" 201 14
[26/Jan/2021 19:52:05] "POST /api/sendTodos/ HTTP/1.1" 201 14
[26/Jan/2021 19:52:05] "POST /api/sendTodos/ HTTP/1.1" 201 14
[26/Jan/2021 19:52:06] "POST /api/sendTodos/ HTTP/1.1" 201 14
[26/Jan/2021 19:52:06] "POST /api/sendTodos/ HTTP/1.1" 201 14
[26/Jan/2021 19:52:06] "POST /api/sendTodos/ HTTP/1.1" 201 14
[26/Jan/2021 19:52:06] "POST /api/sendTodos/ HTTP/1.1" 201 14
[26/Jan/2021 19:52:06] "POST /api/sendTodos/ HTTP/1.1" 201 14
[26/Jan/2021 19:52:07] "POST /api/sendTodos/ HTTP/1.1" 201 14
[26/Jan/2021 19:52:07] "POST /api/sendTodos/ HTTP/1.1" 201 14
[26/Jan/2021 19:52:07] "POST /api/sendTodos/ HTTP/1.1" 201 14
[26/Jan/2021 19:52:07] "POST /api/sendTodos/ HTTP/1.1" 201 14
[26/Jan/2021 19:52:07] "POST /api/sendTodos/ HTTP/1.1" 201 14
[26/Jan/2021 19:52:08] "POST /api/sendTodos/ HTTP/1.1" 201 14
[26/Jan/2021 19:52:08] "POST /api/sendTodos/ HTTP/1.1" 201 14
[26/Jan/2021 19:52:08] "POST /api/sendTodos/ HTTP/1.1" 201 14
[26/Jan/2021 19:52:08] "POST /api/sendTodos/ HTTP/1.1" 201 14
[26/Jan/2021 19:52:09] "POST /api/sendTodos/ HTTP/1.1" 201 14
[26/Jan/2021 19:52:09] "POST /api/sendTodos/ HTTP/1.1" 201 14
[26/Jan/2021 19:52:09] "POST /api/sendTodos/ HTTP/1.1" 201 14
[26/Jan/2021 19:52:09] "POST /api/sendTodos/ HTTP/1.1" 201 14
[26/Jan/2021 19:52:09] "POST /api/sendTodos/ HTTP/1.1" 201 14
[26/Jan/2021 19:52:10] "POST /api/sendTodos/ HTTP/1.1" 201 14
[26/Jan/2021 19:52:10] "POST /api/sendTodos/ HTTP/1.1" 201 14
[26/Jan/2021 19:52:10] "POST /api/sendTodos/ HTTP/1.1" 201 14
[26/Jan/2021 19:52:10] "POST /api/sendTodos/ HTTP/1.1" 201 14
[26/Jan/2021 19:52:11] "POST /api/sendTodos/ HTTP/1.1" 201 14
[26/Jan/2021 19:52:11] "POST /api/sendTodos/ HTTP/1.1" 201 14
[26/Jan/2021 19:52:11] "POST /api/sendTodos/ HTTP/1.1" 201 14
[26/Jan/2021 19:52:12] "POST /api/sendTodos/ HTTP/1.1" 201 14
[26/Jan/2021 19:52:13] "POST /api/sendTodos/ HTTP/1.1" 201 14
[26/Jan/2021 19:52:13] "POST /api/sendTodos/ HTTP/1.1" 201 14
[26/Jan/2021 19:52:13] "POST /api/sendTodos/ HTTP/1.1" 201 14
[26/Jan/2021 19:52:13] "POST /api/sendTodos/ HTTP/1.1" 201 14
[26/Jan/2021 19:52:13] "POST /api/sendTodos/ HTTP/1.1" 201 14
[26/Jan/2021 19:52:14] "POST /api/sendTodos/ HTTP/1.1" 201 14
[26/Jan/2021 19:52:14] "POST /api/sendTodos/ HTTP/1.1" 201 14
[26/Jan/2021 19:52:14] "POST /api/sendTodos/ HTTP/1.1" 201 14
[26/Jan/2021 19:52:14] "POST /api/sendTodos/ HTTP/1.1" 201 14
[26/Jan/2021 19:52:14] "POST /api/sendTodos/ HTTP/1.1" 201 14
[26/Jan/2021 19:52:15] "POST /api/sendTodos/ HTTP/1.1" 201 14
[26/Jan/2021 19:52:16] "POST /api/sendTodos/ HTTP/1.1" 201 14
[26/Jan/2021 19:52:16] "POST /api/sendTodos/ HTTP/1.1" 201 14
[26/Jan/2021 19:52:17] "POST /api/sendTodos/ HTTP/1.1" 201 14
[26/Jan/2021 19:52:17] "POST /api/sendTodos/ HTTP/1.1" 201 14
[26/Jan/2021 19:52:17] "POST /api/sendTodos/ HTTP/1.1" 201 14
[26/Jan/2021 19:52:17] "POST /api/sendTodos/ HTTP/1.1" 201 14
[26/Jan/2021 19:52:17] "POST /api/sendTodos/ HTTP/1.1" 201 14
[26/Jan/2021 19:52:18] "POST /api/sendTodos/ HTTP/1.1" 201 14
[26/Jan/2021 19:52:18] "POST /api/sendTodos/ HTTP/1.1" 201 14
[26/Jan/2021 19:52:18] "POST /api/sendTodos/ HTTP/1.1" 201 14
[26/Jan/2021 19:52:18] "POST /api/sendTodos/ HTTP/1.1" 201 14
[26/Jan/2021 19:52:19] "POST /api/sendTodos/ HTTP/1.1" 201 14
[26/Jan/2021 19:52:19] "POST /api/sendTodos/ HTTP/1.1" 201 14
[26/Jan/2021 19:52:19] "POST /api/sendTodos/ HTTP/1.1" 201 14
[26/Jan/2021 19:52:20] "POST /api/sendTodos/ HTTP/1.1" 201 14
[26/Jan/2021 19:52:20] "POST /api/sendTodos/ HTTP/1.1" 201 14
[26/Jan/2021 19:52:20] "POST /api/sendTodos/ HTTP/1.1" 201 14
[26/Jan/2021 19:52:21] "POST /api/sendTodos/ HTTP/1.1" 201 14
[26/Jan/2021 19:52:21] "POST /api/sendTodos/ HTTP/1.1" 201 14
[26/Jan/2021 19:52:21] "POST /api/sendTodos/ HTTP/1.1" 201 14
[26/Jan/2021 19:52:21] "POST /api/sendTodos/ HTTP/1.1" 201 14
[26/Jan/2021 19:52:22] "POST /api/sendTodos/ HTTP/1.1" 201 14
[26/Jan/2021 19:52:22] "POST /api/sendTodos/ HTTP/1.1" 201 14
[26/Jan/2021 19:52:22] "POST /api/sendTodos/ HTTP/1.1" 201 14
[26/Jan/2021 19:52:22] "POST /api/sendTodos/ HTTP/1.1" 201 14
[26/Jan/2021 19:52:23] "POST /api/sendTodos/ HTTP/1.1" 201 14
[26/Jan/2021 19:52:42] "POST /api/sendTodos/ HTTP/1.1" 201 14
[26/Jan/2021 19:52:42] "POST /api/sendTodos/ HTTP/1.1" 201 14
[26/Jan/2021 19:52:42] "POST /api/sendTodos/ HTTP/1.1" 201 14
[26/Jan/2021 19:52:42] "POST /api/sendTodos/ HTTP/1.1" 201 14
[26/Jan/2021 19:52:42] "POST /api/sendTodos/ HTTP/1.1" 201 14
[26/Jan/2021 19:52:43] "POST /api/sendTodos/ HTTP/1.1" 201 14
[26/Jan/2021 19:52:43] "POST /api/sendTodos/ HTTP/1.1" 201 14
[26/Jan/2021 19:52:43] "POST /api/sendTodos/ HTTP/1.1" 201 14
[26/Jan/2021 19:52:43] "POST /api/sendTodos/ HTTP/1.1" 201 14
[26/Jan/2021 19:52:43] "POST /api/sendTodos/ HTTP/1.1" 201 14
[26/Jan/2021 19:52:44] "POST /api/sendTodos/ HTTP/1.1" 201 14
[26/Jan/2021 19:52:44] "POST /api/sendTodos/ HTTP/1.1" 201 14
[26/Jan/2021 19:52:44] "POST /api/sendTodos/ HTTP/1.1" 201 14
[26/Jan/2021 19:52:44] "POST /api/sendTodos/ HTTP/1.1" 201 14
[26/Jan/2021 19:52:44] "POST /api/sendTodos/ HTTP/1.1" 201 14
[26/Jan/2021 19:52:45] "POST /api/sendTodos/ HTTP/1.1" 201 14
[26/Jan/2021 19:52:45] "POST /api/sendTodos/ HTTP/1.1" 201 14
[26/Jan/2021 19:52:45] "POST /api/sendTodos/ HTTP/1.1" 201 14
[26/Jan/2021 19:52:45] "POST /api/sendTodos/ HTTP/1.1" 201 14
[26/Jan/2021 19:52:45] "POST /api/sendTodos/ HTTP/1.1" 201 14
[26/Jan/2021 19:52:45] "POST /api/sendTodos/ HTTP/1.1" 201 14
[26/Jan/2021 19:53:35] "POST /api/sendTodos/ HTTP/1.1" 201 37
[26/Jan/2021 19:59:17] "POST /api/sendTodos/ HTTP/1.1" 201 37
[26/Jan/2021 19:59:20] "POST /api/sendTodos/ HTTP/1.1" 201 14
[26/Jan/2021 19:59:21] "POST /api/sendTodos/ HTTP/1.1" 201 37
[27/Jan/2021 08:36:23] "POST /api/sendTodos/ HTTP/1.1" 201 37
[27/Jan/2021 09:12:12] "POST /api/sendTodos/ HTTP/1.1" 201 37
[27/Jan/2021 10:04:18] "POST /api/sendTodos/ HTTP/1.1" 201 37
[27/Jan/2021 10:04:24] "POST /api/sendTodos/ HTTP/1.1" 201 37
[27/Jan/2021 17:06:35] "POST /api/sendTodos/ HTTP/1.1" 201 37
[27/Jan/2021 18:50:26] "POST /api/sendTodos/ HTTP/1.1" 201 37
[27/Jan/2021 18:50:31] "POST /api/sendTodos/ HTTP/1.1" 201 14
[27/Jan/2021 18:50:33] "POST /api/sendTodos/ HTTP/1.1" 201 37
[27/Jan/2021 18:50:34] "POST /api/sendTodos/ HTTP/1.1" 201 14
[27/Jan/2021 18:50:35] "POST /api/sendTodos/ HTTP/1.1" 201 14
[27/Jan/2021 18:50:35] "POST /api/sendTodos/ HTTP/1.1" 201 14
[27/Jan/2021 18:50:36] "POST /api/sendTodos/ HTTP/1.1" 201 14
[27/Jan/2021 18:50:37] "POST /api/sendTodos/ HTTP/1.1" 201 14
[27/Jan/2021 18:50:37] "POST /api/sendTodos/ HTTP/1.1" 201 14
[27/Jan/2021 18:50:37] "POST /api/sendTodos/ HTTP/1.1" 201 14
[27/Jan/2021 18:50:38] "POST /api/sendTodos/ HTTP/1.1" 201 37
[27/Jan/2021 18:50:39] "POST /api/sendTodos/ HTTP/1.1" 201 14
[27/Jan/2021 18:50:40] "POST /api/sendTodos/ HTTP/1.1" 201 37
[27/Jan/2021 18:50:41] "POST /api/sendTodos/ HTTP/1.1" 201 14
[27/Jan/2021 18:50:42] "POST /api/sendTodos/ HTTP/1.1" 201 37
[27/Jan/2021 19:07:25] "POST /api/sendTodos/ HTTP/1.1" 201 37
[27/Jan/2021 19:08:30] "POST /api/sendTodos/ HTTP/1.1" 201 37
[27/Jan/2021 19:19:53] "POST /api/sendTodos/ HTTP/1.1" 201 37
[27/Jan/2021 19:20:08] "POST /api/sendTodos/ HTTP/1.1" 201 37
[27/Jan/2021 19:21:44] "POST /api/sendTodos/ HTTP/1.1" 201 37
[27/Jan/2021 19:21:50] "POST /api/sendTodos/ HTTP/1.1" 201 37
[27/Jan/2021 19:23:38] "POST /api/sendTodos/ HTTP/1.1" 201 14
[27/Jan/2021 19:23:43] "POST /api/sendTodos/ HTTP/1.1" 201 37
[27/Jan/2021 19:26:02] "POST /api/sendTodos/ HTTP/1.1" 201 37
[27/Jan/2021 19:30:23] "POST /api/sendTodos/ HTTP/1.1" 201 37
[27/Jan/2021 19:30:29] "POST /api/sendTodos/ HTTP/1.1" 201 37
[27/Jan/2021 19:30:44] "POST /api/sendTodos/ HTTP/1.1" 201 37
[27/Jan/2021 19:30:49] "POST /api/sendTodos/ HTTP/1.1" 201 37
[27/Jan/2021 19:31:29] "POST /api/sendTodos/ HTTP/1.1" 201 37
[27/Jan/2021 19:31:35] "POST /api/sendTodos/ HTTP/1.1" 201 37
[27/Jan/2021 19:31:41] "POST /api/sendTodos/ HTTP/1.1" 201 14
[27/Jan/2021 19:31:44] "POST /api/sendTodos/ HTTP/1.1" 201 37
[27/Jan/2021 19:31:52] "POST /api/sendTodos/ HTTP/1.1" 201 37
[27/Jan/2021 19:32:17] "POST /api/sendTodos/ HTTP/1.1" 201 37
[27/Jan/2021 19:32:22] "POST /api/sendTodos/ HTTP/1.1" 201 37
[27/Jan/2021 19:34:15] "POST /api/sendTodos/ HTTP/1.1" 201 37
[27/Jan/2021 19:34:29] "POST /api/sendTodos/ HTTP/1.1" 201 37
[27/Jan/2021 19:40:25] "POST /api/sendTodos/ HTTP/1.1" 201 37
[27/Jan/2021 19:40:29] "POST /api/sendTodos/ HTTP/1.1" 201 37
[27/Jan/2021 19:40:39] "POST /api/sendTodos/ HTTP/1.1" 201 14
[27/Jan/2021 19:40:46] "POST /api/sendTodos/ HTTP/1.1" 201 37
[27/Jan/2021 19:40:47] "POST /api/sendTodos/ HTTP/1.1" 201 14
[27/Jan/2021 19:40:48] "POST /api/sendTodos/ HTTP/1.1" 201 14
[27/Jan/2021 19:40:48] "POST /api/sendTodos/ HTTP/1.1" 201 14
[27/Jan/2021 19:40:49] "POST /api/sendTodos/ HTTP/1.1" 201 14
[27/Jan/2021 19:40:50] "POST /api/sendTodos/ HTTP/1.1" 201 14
[27/Jan/2021 19:40:50] "POST /api/sendTodos/ HTTP/1.1" 201 37
[27/Jan/2021 19:40:51] "POST /api/sendTodos/ HTTP/1.1" 201 14
[27/Jan/2021 19:40:51] "POST /api/sendTodos/ HTTP/1.1" 201 14
[27/Jan/2021 19:40:52] "POST /api/sendTodos/ HTTP/1.1" 201 14
[27/Jan/2021 19:40:52] "POST /api/sendTodos/ HTTP/1.1" 201 14
[27/Jan/2021 19:40:53] "POST /api/sendTodos/ HTTP/1.1" 201 14
[27/Jan/2021 19:40:53] "POST /api/sendTodos/ HTTP/1.1" 201 14
[27/Jan/2021 19:40:53] "POST /api/sendTodos/ HTTP/1.1" 201 14
[27/Jan/2021 19:40:53] "POST /api/sendTodos/ HTTP/1.1" 201 14
[27/Jan/2021 19:40:54] "POST /api/sendTodos/ HTTP/1.1" 201 14
[27/Jan/2021 19:40:54] "POST /api/sendTodos/ HTTP/1.1" 201 14
[27/Jan/2021 19:40:54] "POST /api/sendTodos/ HTTP/1.1" 201 14
[27/Jan/2021 19:40:55] "POST /api/sendTodos/ HTTP/1.1" 201 14
[27/Jan/2021 19:40:55] "POST /api/sendTodos/ HTTP/1.1" 201 14
[27/Jan/2021 19:40:55] "POST /api/sendTodos/ HTTP/1.1" 201 14
[27/Jan/2021 19:40:56] "POST /api/sendTodos/ HTTP/1.1" 201 14
[27/Jan/2021 19:40:56] "POST /api/sendTodos/ HTTP/1.1" 201 14
[27/Jan/2021 19:40:56] "POST /api/sendTodos/ HTTP/1.1" 201 14
[27/Jan/2021 19:40:56] "POST /api/sendTodos/ HTTP/1.1" 201 14
[27/Jan/2021 19:40:56] "POST /api/sendTodos/ HTTP/1.1" 201 14
[27/Jan/2021 19:40:57] "POST /api/sendTodos/ HTTP/1.1" 201 14
[27/Jan/2021 19:40:57] "POST /api/sendTodos/ HTTP/1.1" 201 14
[27/Jan/2021 19:40:58] "POST /api/sendTodos/ HTTP/1.1" 201 14
[27/Jan/2021 19:40:58] "POST /api/sendTodos/ HTTP/1.1" 201 14
[27/Jan/2021 19:40:58] "POST /api/sendTodos/ HTTP/1.1" 201 14
[27/Jan/2021 19:40:58] "POST /api/sendTodos/ HTTP/1.1" 201 14
[27/Jan/2021 19:40:58] "POST /api/sendTodos/ HTTP/1.1" 201 14
[27/Jan/2021 19:40:59] "POST /api/sendTodos/ HTTP/1.1" 201 14
[27/Jan/2021 19:40:59] "POST /api/sendTodos/ HTTP/1.1" 201 14
[27/Jan/2021 19:40:59] "POST /api/sendTodos/ HTTP/1.1" 201 14
[27/Jan/2021 19:41:00] "POST /api/sendTodos/ HTTP/1.1" 201 14
[27/Jan/2021 19:41:00] "POST /api/sendTodos/ HTTP/1.1" 201 14
[27/Jan/2021 19:41:00] "POST /api/sendTodos/ HTTP/1.1" 201 14
[27/Jan/2021 19:41:01] "POST /api/sendTodos/ HTTP/1.1" 201 14
[27/Jan/2021 19:41:01] "POST /api/sendTodos/ HTTP/1.1" 201 14
[27/Jan/2021 19:41:02] "POST /api/sendTodos/ HTTP/1.1" 201 14
[27/Jan/2021 19:41:02] "POST /api/sendTodos/ HTTP/1.1" 201 14
[27/Jan/2021 19:41:03] "POST /api/sendTodos/ HTTP/1.1" 201 14
[27/Jan/2021 19:41:03] "POST /api/sendTodos/ HTTP/1.1" 201 14
[27/Jan/2021 19:41:03] "POST /api/sendTodos/ HTTP/1.1" 201 14
[27/Jan/2021 19:41:03] "POST /api/sendTodos/ HTTP/1.1" 201 14
[27/Jan/2021 19:41:03] "POST /api/sendTodos/ HTTP/1.1" 201 14
[27/Jan/2021 19:41:04] "POST /api/sendTodos/ HTTP/1.1" 201 37
[27/Jan/2021 19:41:04] "POST /api/sendTodos/ HTTP/1.1" 201 14
[27/Jan/2021 19:41:04] "POST /api/sendTodos/ HTTP/1.1" 201 14
[27/Jan/2021 19:41:04] "POST /api/sendTodos/ HTTP/1.1" 201 14
[27/Jan/2021 19:41:04] "POST /api/sendTodos/ HTTP/1.1" 201 14
[27/Jan/2021 19:41:04] "POST /api/sendTodos/ HTTP/1.1" 201 14
[27/Jan/2021 19:41:05] "POST /api/sendTodos/ HTTP/1.1" 201 14
[27/Jan/2021 19:41:05] "POST /api/sendTodos/ HTTP/1.1" 201 14
[27/Jan/2021 19:41:05] "POST /api/sendTodos/ HTTP/1.1" 201 14
[27/Jan/2021 19:41:05] "POST /api/sendTodos/ HTTP/1.1" 201 14
[27/Jan/2021 19:41:05] "POST /api/sendTodos/ HTTP/1.1" 201 14
[27/Jan/2021 19:41:06] "POST /api/sendTodos/ HTTP/1.1" 201 14
[27/Jan/2021 19:41:06] "POST /api/sendTodos/ HTTP/1.1" 201 14
[27/Jan/2021 19:41:08] "POST /api/sendTodos/ HTTP/1.1" 201 14
[27/Jan/2021 19:41:09] "POST /api/sendTodos/ HTTP/1.1" 201 14
[27/Jan/2021 19:41:09] "POST /api/sendTodos/ HTTP/1.1" 201 14
[27/Jan/2021 19:41:09] "POST /api/sendTodos/ HTTP/1.1" 201 14
[27/Jan/2021 19:41:10] "POST /api/sendTodos/ HTTP/1.1" 201 14
[27/Jan/2021 19:41:10] "POST /api/sendTodos/ HTTP/1.1" 201 14
[27/Jan/2021 19:41:10] "POST /api/sendTodos/ HTTP/1.1" 201 14
[27/Jan/2021 19:41:10] "POST /api/sendTodos/ HTTP/1.1" 201 14
[27/Jan/2021 19:41:11] "POST /api/sendTodos/ HTTP/1.1" 201 14
[27/Jan/2021 19:41:11] "POST /api/sendTodos/ HTTP/1.1" 201 14
[27/Jan/2021 19:41:11] "POST /api/sendTodos/ HTTP/1.1" 201 14
[27/Jan/2021 19:41:12] "POST /api/sendTodos/ HTTP/1.1" 201 37
[27/Jan/2021 19:41:20] "POST /api/sendTodos/ HTTP/1.1" 201 37
[27/Jan/2021 19:41:21] "POST /api/sendTodos/ HTTP/1.1" 201 14
[27/Jan/2021 19:41:23] "POST /api/sendTodos/ HTTP/1.1" 201 37
[27/Jan/2021 19:46:35] "POST /api/sendTodos/ HTTP/1.1" 201 37
[27/Jan/2021 19:46:39] "POST /api/sendTodos/ HTTP/1.1" 201 37
[27/Jan/2021 19:54:26] "POST /api/sendTodos/ HTTP/1.1" 201 37
[27/Jan/2021 19:54:26] "POST /api/sendTodos/ HTTP/1.1" 201 14
[27/Jan/2021 19:54:26] "POST /api/sendTodos/ HTTP/1.1" 201 14
[27/Jan/2021 19:54:26] "POST /api/sendTodos/ HTTP/1.1" 201 14
[27/Jan/2021 19:54:26] "POST /api/sendTodos/ HTTP/1.1" 201 14
[27/Jan/2021 19:54:27] "POST /api/sendTodos/ HTTP/1.1" 201 14
[27/Jan/2021 19:54:27] "POST /api/sendTodos/ HTTP/1.1" 201 37
[27/Jan/2021 19:54:27] "POST /api/sendTodos/ HTTP/1.1" 201 14
[27/Jan/2021 19:54:27] "POST /api/sendTodos/ HTTP/1.1" 201 14
[27/Jan/2021 19:54:27] "POST /api/sendTodos/ HTTP/1.1" 201 14
[27/Jan/2021 19:54:27] "POST /api/sendTodos/ HTTP/1.1" 201 37
[27/Jan/2021 19:54:27] "POST /api/sendTodos/ HTTP/1.1" 201 37
[27/Jan/2021 19:54:27] "POST /api/saveTodo/ HTTP/1.1" 201 0
[27/Jan/2021 19:54:27] "POST /api/saveTodo/ HTTP/1.1" 201 0
[27/Jan/2021 19:54:27] "POST /api/saveTodo/ HTTP/1.1" 201 0
[27/Jan/2021 19:54:27] "POST /api/saveTodo/ HTTP/1.1" 201 0
[27/Jan/2021 19:54:27] "POST /api/sendTodos/ HTTP/1.1" 201 100
[27/Jan/2021 19:54:27] "POST /api/sendTodos/ HTTP/1.1" 201 14
[27/Jan/2021 19:54:41] "POST /api/saveTodo/ HTTP/1.1" 201 0
[27/Jan/2021 19:54:43] "POST /api/sendTodos/ HTTP/1.1" 201 120
[27/Jan/2021 19:55:06] "DELETE /api/deleteContent/47 HTTP/1.1" 201 0
[27/Jan/2021 19:55:07] "POST /api/sendTodos/ HTTP/1.1" 201 106
[27/Jan/2021 19:55:36] "POST /api/sendTodos/ HTTP/1.1" 201 106
[27/Jan/2021 19:56:10] "POST /api/saveTodo/ HTTP/1.1" 201 0
[27/Jan/2021 19:56:12] "POST /api/sendTodos/ HTTP/1.1" 201 127
[27/Jan/2021 19:56:14] "GET /api/sendContent/50 HTTP/1.1" 201 36
[27/Jan/2021 19:56:15] "DELETE /api/deleteContent/50 HTTP/1.1" 201 0
[27/Jan/2021 19:56:15] "POST /api/sendTodos/ HTTP/1.1" 201 106
[27/Jan/2021 19:56:16] "GET /api/sendContent/49 HTTP/1.1" 201 32
[27/Jan/2021 19:56:17] "DELETE /api/deleteContent/49 HTTP/1.1" 201 0
[27/Jan/2021 19:56:18] "POST /api/sendTodos/ HTTP/1.1" 201 86
[27/Jan/2021 19:56:18] "POST /api/sendTodos/ HTTP/1.1" 201 86
[27/Jan/2021 19:56:19] "GET /api/sendContent/46 HTTP/1.1" 201 36
[27/Jan/2021 19:56:21] "DELETE /api/deleteContent/46 HTTP/1.1" 201 0
[27/Jan/2021 19:56:22] "POST /api/sendTodos/ HTTP/1.1" 201 72
[27/Jan/2021 19:56:23] "GET /api/sendContent/48 HTTP/1.1" 201 36
[27/Jan/2021 19:56:24] "DELETE /api/deleteContent/48 HTTP/1.1" 201 0
[27/Jan/2021 19:56:24] "POST /api/sendTodos/ HTTP/1.1" 201 58
[27/Jan/2021 19:56:25] "GET /api/sendContent/45 HTTP/1.1" 201 36
[27/Jan/2021 19:56:26] "DELETE /api/deleteContent/45 HTTP/1.1" 201 0
[27/Jan/2021 19:56:27] "POST /api/sendTodos/ HTTP/1.1" 201 37
[27/Jan/2021 19:56:48] "POST /api/sendTodos/ HTTP/1.1" 201 37
[27/Jan/2021 20:00:15] "POST /api/sendTodos/ HTTP/1.1" 201 37
[27/Jan/2021 20:00:19] "POST /api/sendTodos/ HTTP/1.1" 201 37
[27/Jan/2021 20:00:25] "POST /api/sendTodos/ HTTP/1.1" 201 14
[27/Jan/2021 20:00:28] "POST /api/sendTodos/ HTTP/1.1" 201 37
[27/Jan/2021 20:00:29] "POST /api/sendTodos/ HTTP/1.1" 201 14
[27/Jan/2021 20:00:43] "POST /api/sendTodos/ HTTP/1.1" 201 37
[27/Jan/2021 20:00:49] "POST /api/sendTodos/ HTTP/1.1" 201 37
[27/Jan/2021 20:01:12] "POST /api/saveTodo/ HTTP/1.1" 201 0
[27/Jan/2021 20:01:13] "POST /api/sendTodos/ HTTP/1.1" 201 14
[27/Jan/2021 20:01:47] "POST /api/sendTodos/ HTTP/1.1" 201 58
[27/Jan/2021 20:03:01] "GET /api/sendContent/51 HTTP/1.1" 201 35
[27/Jan/2021 20:03:02] "DELETE /api/deleteContent/51 HTTP/1.1" 201 0
[27/Jan/2021 20:03:03] "POST /api/sendTodos/ HTTP/1.1" 201 37
[27/Jan/2021 20:03:07] "POST /api/saveTodo/ HTTP/1.1" 201 0
[27/Jan/2021 20:03:10] "POST /api/sendTodos/ HTTP/1.1" 201 57
[27/Jan/2021 20:03:13] "POST /api/sendTodos/ HTTP/1.1" 201 14
[27/Jan/2021 20:03:17] "POST /api/sendTodos/ HTTP/1.1" 201 57
[27/Jan/2021 20:03:51] "POST /api/sendTodos/ HTTP/1.1" 201 57
[27/Jan/2021 20:03:57] "POST /api/sendTodos/ HTTP/1.1" 201 57
[27/Jan/2021 20:04:27] "POST /api/sendTodos/ HTTP/1.1" 201 14
[27/Jan/2021 20:04:27] "POST /api/sendTodos/ HTTP/1.1" 201 57
[27/Jan/2021 20:04:31] "POST /api/sendTodos/ HTTP/1.1" 201 57
[27/Jan/2021 20:04:33] "POST /api/sendTodos/ HTTP/1.1" 201 14
[27/Jan/2021 20:04:36] "POST /api/sendTodos/ HTTP/1.1" 201 57
[27/Jan/2021 20:05:29] "POST /api/sendTodos/ HTTP/1.1" 201 57
[27/Jan/2021 20:06:12] "POST /api/sendTodos/ HTTP/1.1" 201 57
[27/Jan/2021 20:10:02] "POST /api/sendTodos/ HTTP/1.1" 201 57
[27/Jan/2021 20:10:06] "POST /api/sendTodos/ HTTP/1.1" 201 57
[27/Jan/2021 20:10:33] "POST /api/sendTodos/ HTTP/1.1" 201 57
[27/Jan/2021 20:10:38] "POST /api/sendTodos/ HTTP/1.1" 201 57
[27/Jan/2021 20:10:40] "POST /api/sendTodos/ HTTP/1.1" 201 57
[27/Jan/2021 20:10:49] "POST /api/sendTodos/ HTTP/1.1" 201 57
[27/Jan/2021 20:10:52] "POST /api/sendTodos/ HTTP/1.1" 201 57
[27/Jan/2021 20:14:05] "POST /api/sendTodos/ HTTP/1.1" 201 57
[27/Jan/2021 20:14:09] "POST /api/sendTodos/ HTTP/1.1" 201 57
[27/Jan/2021 20:14:12] "POST /api/sendTodos/ HTTP/1.1" 201 57
[27/Jan/2021 20:14:21] "POST /api/sendTodos/ HTTP/1.1" 201 57
[27/Jan/2021 20:14:25] "POST /api/sendTodos/ HTTP/1.1" 201 57
[27/Jan/2021 20:18:48] "POST /api/sendTodos/ HTTP/1.1" 201 57
[27/Jan/2021 20:18:54] "POST /api/sendTodos/ HTTP/1.1" 201 14
[27/Jan/2021 20:18:56] "POST /api/sendTodos/ HTTP/1.1" 201 57
[27/Jan/2021 20:19:02] "POST /api/saveTodo/ HTTP/1.1" 201 0
[27/Jan/2021 20:19:04] "POST /api/sendTodos/ HTTP/1.1" 201 71
[27/Jan/2021 20:19:05] "GET /api/sendContent/53 HTTP/1.1" 201 37
[27/Jan/2021 20:19:06] "DELETE /api/deleteContent/53 HTTP/1.1" 201 0
[27/Jan/2021 20:19:07] "POST /api/sendTodos/ HTTP/1.1" 201 57
[27/Jan/2021 20:25:41] "POST /api/sendTodos/ HTTP/1.1" 201 57
[27/Jan/2021 20:25:49] "POST /api/sendTodos/ HTTP/1.1" 201 57
[27/Jan/2021 20:25:58] "POST /api/sendTodos/ HTTP/1.1" 201 14
[27/Jan/2021 20:26:00] "POST /api/sendTodos/ HTTP/1.1" 201 57
[27/Jan/2021 20:26:22] "POST /api/sendTodos/ HTTP/1.1" 201 57
[27/Jan/2021 20:26:32] "POST /api/sendTodos/ HTTP/1.1" 201 14
[27/Jan/2021 20:26:36] "POST /api/sendTodos/ HTTP/1.1" 201 57
[27/Jan/2021 20:28:44] "POST /api/sendTodos/ HTTP/1.1" 201 57
[27/Jan/2021 20:29:14] "POST /api/sendTodos/ HTTP/1.1" 201 57
[27/Jan/2021 20:29:21] "POST /api/sendTodos/ HTTP/1.1" 201 57
[27/Jan/2021 20:30:36] "POST /api/sendTodos/ HTTP/1.1" 201 57
[27/Jan/2021 20:30:40] "POST /api/sendTodos/ HTTP/1.1" 201 57
[27/Jan/2021 20:30:48] "POST /api/sendTodos/ HTTP/1.1" 201 14
[27/Jan/2021 20:30:50] "POST /api/sendTodos/ HTTP/1.1" 201 57
[27/Jan/2021 20:30:51] "POST /api/sendTodos/ HTTP/1.1" 201 14
[27/Jan/2021 20:30:54] "POST /api/sendTodos/ HTTP/1.1" 201 57
[27/Jan/2021 20:30:55] "POST /api/sendTodos/ HTTP/1.1" 201 14
[27/Jan/2021 20:30:56] "POST /api/sendTodos/ HTTP/1.1" 201 14
[27/Jan/2021 20:30:56] "POST /api/sendTodos/ HTTP/1.1" 201 14
[27/Jan/2021 20:30:58] "POST /api/sendTodos/ HTTP/1.1" 201 14
[27/Jan/2021 20:30:58] "POST /api/sendTodos/ HTTP/1.1" 201 14
[27/Jan/2021 20:30:58] "POST /api/sendTodos/ HTTP/1.1" 201 57
[27/Jan/2021 20:30:58] "POST /api/sendTodos/ HTTP/1.1" 201 14
[27/Jan/2021 20:31:01] "POST /api/sendTodos/ HTTP/1.1" 201 57
[27/Jan/2021 20:32:33] "POST /api/saveTodo/ HTTP/1.1" 201 0
[27/Jan/2021 20:32:35] "POST /api/sendTodos/ HTTP/1.1" 201 79
[27/Jan/2021 20:32:36] "GET /api/sendContent/54 HTTP/1.1" 201 36
[27/Jan/2021 20:32:37] "DELETE /api/deleteContent/54 HTTP/1.1" 201 0
[27/Jan/2021 20:32:38] "POST /api/sendTodos/ HTTP/1.1" 201 57
[27/Jan/2021 20:32:44] "POST /api/sendTodos/ HTTP/1.1" 201 57
[27/Jan/2021 20:33:32] "POST /api/sendTodos/ HTTP/1.1" 201 57
